Using pre-set license
Built from '2021.1/staging' branch; Version is '2021.1.7f1 (d91830b65d9b) revision 14227504'; Using compiler version '192528614'; Build Type 'Release'
OS: 'Windows 10 Education; OS build 19044.1645; Version 2009; 64bit' Language: 'en' Physical Memory: 16247 MB
BatchMode: 1, IsHumanControllingUs: 0, StartBugReporterOnCrash: 0, Is64bit: 1, IsPro: 0

 COMMAND LINE ARGUMENTS:
C:\Program Files\Unity 2021.1.7f1\Editor\Unity.exe
-adb2
-batchMode
-noUpm
-name
AssetImportWorker0
-projectPath
C:/Users/bk.2t/Documents/GitHub/BTempeNMcCrackenChoiceBuild/Horror Unity Game
-logFile
Logs/AssetImportWorker0.log
-srvPort
57502
Successfully changed project path to: C:/Users/bk.2t/Documents/GitHub/BTempeNMcCrackenChoiceBuild/Horror Unity Game
C:/Users/bk.2t/Documents/GitHub/BTempeNMcCrackenChoiceBuild/Horror Unity Game
Using Asset Import Pipeline V2.
Refreshing native plugins compatible for Editor in 86.12 ms, found 2 plugins.
Preloading 0 native plugins for Editor in 0.00 ms.
Initialize engine version: 2021.1.7f1 (d91830b65d9b)
[Subsystems] Discovering subsystems at path C:/Program Files/Unity 2021.1.7f1/Editor/Data/Resources/UnitySubsystems
[Subsystems] Discovering subsystems at path C:/Users/bk.2t/Documents/GitHub/BTempeNMcCrackenChoiceBuild/Horror Unity Game/Assets
GfxDevice: creating device client; threaded=0; jobified=0
Direct3D:
    Version:  Direct3D 11.0 [level 11.1]
    Renderer: AMD Radeon R7 450 (ID=0x682b)
    Vendor:   ATI
    VRAM:     4076 MB
    Driver:   24.20.11020.3002
Initialize mono
Mono path[0] = 'C:/Program Files/Unity 2021.1.7f1/Editor/Data/Managed'
Mono path[1] = 'C:/Program Files/Unity 2021.1.7f1/Editor/Data/MonoBleedingEdge/lib/mono/unityjit'
Mono config path = 'C:/Program Files/Unity 2021.1.7f1/Editor/Data/MonoBleedingEdge/etc'
Using monoOptions --debugger-agent=transport=dt_socket,embedding=1,server=y,suspend=n,address=127.0.0.1:56196
Begin MonoManager ReloadAssembly
Registering precompiled unity dll's ...
Register platform support module: C:/Program Files/Unity 2021.1.7f1/Editor/Data/PlaybackEngines/WebGLSupport/UnityEditor.WebGL.Extensions.dll
Register platform support module: C:/Program Files/Unity 2021.1.7f1/Editor/Data/PlaybackEngines/WindowsStandaloneSupport/UnityEditor.WindowsStandalone.Extensions.dll
Registered in 0.001836 seconds.
Native extension for WindowsStandalone target not found
Native extension for WebGL target not found
Refreshing native plugins compatible for Editor in 100.93 ms, found 2 plugins.
Preloading 0 native plugins for Editor in 0.00 ms.
Mono: successfully reloaded assembly
- Completed reload, in  1.271 seconds
Platform modules already initialized, skipping
Registering precompiled user dll's ...
Registered in 0.003303 seconds.
Begin MonoManager ReloadAssembly
Symbol file LoadedFromMemory doesn't match image C:\Users\bk.2t\Documents\GitHub\BTempeNMcCrackenChoiceBuild\Horror Unity Game\Library\PackageCache\com.unity.visualscripting@1.6.1\Editor\VisualScripting.Core\Dependencies\YamlDotNet\Unity.VisualScripting.YamlDotNet.dll
Symbol file LoadedFromMemory doesn't match image C:\Users\bk.2t\Documents\GitHub\BTempeNMcCrackenChoiceBuild\Horror Unity Game\Library\PackageCache\com.unity.visualscripting@1.6.1\Editor\VisualScripting.Core\Dependencies\DotNetZip\Unity.VisualScripting.IonicZip.dll
Native extension for WindowsStandalone target not found
Native extension for WebGL target not found
Refreshing native plugins compatible for Editor in 88.28 ms, found 2 plugins.
Preloading 0 native plugins for Editor in 0.00 ms.
Mono: successfully reloaded assembly
- Completed reload, in  1.074 seconds
Platform modules already initialized, skipping
========================================================================
Worker process is ready to serve import requests
Launched and connected shader compiler UnityShaderCompiler.exe after 0.04 seconds
Refreshing native plugins compatible for Editor in 0.59 ms, found 2 plugins.
Preloading 0 native plugins for Editor in 0.00 ms.
Unloading 3388 Unused Serialized files (Serialized files now loaded: 0)
System memory in use before: 131.1 MB.
System memory in use after: 131.3 MB.

Unloading 23 unused Assets to reduce memory usage. Loaded Objects now: 3847.
Total: 2.154900 ms (FindLiveObjects: 0.253500 ms CreateObjectMapping: 0.177600 ms MarkObjects: 1.665300 ms  DeleteObjects: 0.057600 ms)

========================================================================
Received Import Request.
  path: Assets/Scenes/Level 2.unity
  artifactKey: Guid(ed8e90968edb46740afa6894588451a4) Importer(815301076,1909f56bfc062723c751e8b465ee728b)
Start importing Assets/Scenes/Level 2.unity using Guid(ed8e90968edb46740afa6894588451a4) Importer(815301076,1909f56bfc062723c751e8b465ee728b)  -> (artifact id: '2e563f6dc5e1861ee8844bc88e7981a0') in 0.011879 seconds 
========================================================================
Received Import Request.
  Time since last request: 51.208528 seconds.
  path: Assets/Scrpits/PlayerMovement.cs
  artifactKey: Guid(4cdaa19197d8e4e4f86584776ee0c16f) Importer(815301076,1909f56bfc062723c751e8b465ee728b)
Start importing Assets/Scrpits/PlayerMovement.cs using Guid(4cdaa19197d8e4e4f86584776ee0c16f) Importer(815301076,1909f56bfc062723c751e8b465ee728b)  -> (artifact id: 'b9ad0689647923bd1996e4e667538f12') in 0.028562 seconds 
========================================================================
Received Prepare
Registering precompiled user dll's ...
Registered in 0.002726 seconds.
Begin MonoManager ReloadAssembly
Symbol file LoadedFromMemory doesn't match image C:\Users\bk.2t\Documents\GitHub\BTempeNMcCrackenChoiceBuild\Horror Unity Game\Library\PackageCache\com.unity.visualscripting@1.6.1\Editor\VisualScripting.Core\Dependencies\YamlDotNet\Unity.VisualScripting.YamlDotNet.dll
Symbol file LoadedFromMemory doesn't match image C:\Users\bk.2t\Documents\GitHub\BTempeNMcCrackenChoiceBuild\Horror Unity Game\Library\PackageCache\com.unity.visualscripting@1.6.1\Editor\VisualScripting.Core\Dependencies\DotNetZip\Unity.VisualScripting.IonicZip.dll
Native extension for WindowsStandalone target not found
Native extension for WebGL target not found
Refreshing native plugins compatible for Editor in 1.22 ms, found 2 plugins.
Preloading 0 native plugins for Editor in 0.00 ms.
Mono: successfully reloaded assembly
- Completed reload, in  0.968 seconds
Platform modules already initialized, skipping
Script error: OnTriggerEnter2D
This message parameter has to be of type: Collider2D
The message will be ignored.

Refreshing native plugins compatible for Editor in 0.74 ms, found 2 plugins.
Preloading 0 native plugins for Editor in 0.00 ms.
Unloading 3365 Unused Serialized files (Serialized files now loaded: 0)
System memory in use before: 129.5 MB.
System memory in use after: 129.7 MB.

Unloading 11 unused Assets to reduce memory usage. Loaded Objects now: 3851.
Total: 2.194600 ms (FindLiveObjects: 0.239200 ms CreateObjectMapping: 0.154200 ms MarkObjects: 1.783200 ms  DeleteObjects: 0.017000 ms)

========================================================================
Received Prepare
Registering precompiled user dll's ...
Registered in 0.004007 seconds.
Begin MonoManager ReloadAssembly
Symbol file LoadedFromMemory doesn't match image C:\Users\bk.2t\Documents\GitHub\BTempeNMcCrackenChoiceBuild\Horror Unity Game\Library\PackageCache\com.unity.visualscripting@1.6.1\Editor\VisualScripting.Core\Dependencies\YamlDotNet\Unity.VisualScripting.YamlDotNet.dll
Symbol file LoadedFromMemory doesn't match image C:\Users\bk.2t\Documents\GitHub\BTempeNMcCrackenChoiceBuild\Horror Unity Game\Library\PackageCache\com.unity.visualscripting@1.6.1\Editor\VisualScripting.Core\Dependencies\DotNetZip\Unity.VisualScripting.IonicZip.dll
Native extension for WindowsStandalone target not found
Native extension for WebGL target not found
Refreshing native plugins compatible for Editor in 0.84 ms, found 2 plugins.
Preloading 0 native plugins for Editor in 0.00 ms.
Mono: successfully reloaded assembly
- Completed reload, in  0.908 seconds
Platform modules already initialized, skipping
Refreshing native plugins compatible for Editor in 0.58 ms, found 2 plugins.
Preloading 0 native plugins for Editor in 0.00 ms.
Unloading 3365 Unused Serialized files (Serialized files now loaded: 0)
System memory in use before: 129.4 MB.
System memory in use after: 129.7 MB.

Unloading 11 unused Assets to reduce memory usage. Loaded Objects now: 3855.
Total: 2.079000 ms (FindLiveObjects: 0.230100 ms CreateObjectMapping: 0.148800 ms MarkObjects: 1.686300 ms  DeleteObjects: 0.013000 ms)

========================================================================
Received Import Request.
  Time since last request: 126.086248 seconds.
  path: Assets/Scenes/The Start.unity
  artifactKey: Guid(4e52d45651e5cfe4fb536811f53e8f03) Importer(815301076,1909f56bfc062723c751e8b465ee728b)
Start importing Assets/Scenes/The Start.unity using Guid(4e52d45651e5cfe4fb536811f53e8f03) Importer(815301076,1909f56bfc062723c751e8b465ee728b)  -> (artifact id: '373aef295d328c5906ca7f15fbfdfe51') in 0.012827 seconds 
========================================================================
Received Prepare
Registering precompiled user dll's ...
Registered in 0.003256 seconds.
Begin MonoManager ReloadAssembly
Symbol file LoadedFromMemory doesn't match image C:\Users\bk.2t\Documents\GitHub\BTempeNMcCrackenChoiceBuild\Horror Unity Game\Library\PackageCache\com.unity.visualscripting@1.6.1\Editor\VisualScripting.Core\Dependencies\YamlDotNet\Unity.VisualScripting.YamlDotNet.dll
Symbol file LoadedFromMemory doesn't match image C:\Users\bk.2t\Documents\GitHub\BTempeNMcCrackenChoiceBuild\Horror Unity Game\Library\PackageCache\com.unity.visualscripting@1.6.1\Editor\VisualScripting.Core\Dependencies\DotNetZip\Unity.VisualScripting.IonicZip.dll
Native extension for WindowsStandalone target not found
Native extension for WebGL target not found
Refreshing native plugins compatible for Editor in 0.62 ms, found 2 plugins.
Preloading 0 native plugins for Editor in 0.00 ms.
Mono: successfully reloaded assembly
- Completed reload, in  0.962 seconds
Platform modules already initialized, skipping
Refreshing native plugins compatible for Editor in 0.58 ms, found 2 plugins.
Preloading 0 native plugins for Editor in 0.00 ms.
Unloading 3365 Unused Serialized files (Serialized files now loaded: 0)
System memory in use before: 129.5 MB.
System memory in use after: 129.7 MB.

Unloading 11 unused Assets to reduce memory usage. Loaded Objects now: 3859.
Total: 2.200200 ms (FindLiveObjects: 0.243200 ms CreateObjectMapping: 0.161500 ms MarkObjects: 1.780100 ms  DeleteObjects: 0.014700 ms)

========================================================================
Received Prepare
Registering precompiled user dll's ...
Registered in 0.003032 seconds.
Begin MonoManager ReloadAssembly
Symbol file LoadedFromMemory doesn't match image C:\Users\bk.2t\Documents\GitHub\BTempeNMcCrackenChoiceBuild\Horror Unity Game\Library\PackageCache\com.unity.visualscripting@1.6.1\Editor\VisualScripting.Core\Dependencies\YamlDotNet\Unity.VisualScripting.YamlDotNet.dll
Symbol file LoadedFromMemory doesn't match image C:\Users\bk.2t\Documents\GitHub\BTempeNMcCrackenChoiceBuild\Horror Unity Game\Library\PackageCache\com.unity.visualscripting@1.6.1\Editor\VisualScripting.Core\Dependencies\DotNetZip\Unity.VisualScripting.IonicZip.dll
Native extension for WindowsStandalone target not found
Native extension for WebGL target not found
Refreshing native plugins compatible for Editor in 0.99 ms, found 2 plugins.
Preloading 0 native plugins for Editor in 0.00 ms.
Mono: successfully reloaded assembly
- Completed reload, in  0.949 seconds
Platform modules already initialized, skipping
Refreshing native plugins compatible for Editor in 0.59 ms, found 2 plugins.
Preloading 0 native plugins for Editor in 0.00 ms.
Unloading 3365 Unused Serialized files (Serialized files now loaded: 0)
System memory in use before: 129.5 MB.
System memory in use after: 129.7 MB.

Unloading 11 unused Assets to reduce memory usage. Loaded Objects now: 3863.
Total: 3.121500 ms (FindLiveObjects: 0.296900 ms CreateObjectMapping: 0.151000 ms MarkObjects: 2.649500 ms  DeleteObjects: 0.022700 ms)

========================================================================
Received Prepare
Registering precompiled user dll's ...
Registered in 0.004779 seconds.
Begin MonoManager ReloadAssembly
Symbol file LoadedFromMemory doesn't match image C:\Users\bk.2t\Documents\GitHub\BTempeNMcCrackenChoiceBuild\Horror Unity Game\Library\PackageCache\com.unity.visualscripting@1.6.1\Editor\VisualScripting.Core\Dependencies\YamlDotNet\Unity.VisualScripting.YamlDotNet.dll
Symbol file LoadedFromMemory doesn't match image C:\Users\bk.2t\Documents\GitHub\BTempeNMcCrackenChoiceBuild\Horror Unity Game\Library\PackageCache\com.unity.visualscripting@1.6.1\Editor\VisualScripting.Core\Dependencies\DotNetZip\Unity.VisualScripting.IonicZip.dll
Native extension for WindowsStandalone target not found
Native extension for WebGL target not found
Refreshing native plugins compatible for Editor in 0.61 ms, found 2 plugins.
Preloading 0 native plugins for Editor in 0.00 ms.
Mono: successfully reloaded assembly
- Completed reload, in  1.023 seconds
Platform modules already initialized, skipping
Refreshing native plugins compatible for Editor in 0.96 ms, found 2 plugins.
Preloading 0 native plugins for Editor in 0.00 ms.
Unloading 3365 Unused Serialized files (Serialized files now loaded: 0)
System memory in use before: 129.5 MB.
System memory in use after: 129.7 MB.

Unloading 11 unused Assets to reduce memory usage. Loaded Objects now: 3867.
Total: 2.710300 ms (FindLiveObjects: 0.246300 ms CreateObjectMapping: 0.179500 ms MarkObjects: 2.266400 ms  DeleteObjects: 0.017000 ms)

========================================================================
Received Prepare
Registering precompiled user dll's ...
Registered in 0.002744 seconds.
Begin MonoManager ReloadAssembly
Symbol file LoadedFromMemory doesn't match image C:\Users\bk.2t\Documents\GitHub\BTempeNMcCrackenChoiceBuild\Horror Unity Game\Library\PackageCache\com.unity.visualscripting@1.6.1\Editor\VisualScripting.Core\Dependencies\YamlDotNet\Unity.VisualScripting.YamlDotNet.dll
Symbol file LoadedFromMemory doesn't match image C:\Users\bk.2t\Documents\GitHub\BTempeNMcCrackenChoiceBuild\Horror Unity Game\Library\PackageCache\com.unity.visualscripting@1.6.1\Editor\VisualScripting.Core\Dependencies\DotNetZip\Unity.VisualScripting.IonicZip.dll
Native extension for WindowsStandalone target not found
Native extension for WebGL target not found
Refreshing native plugins compatible for Editor in 0.57 ms, found 2 plugins.
Preloading 0 native plugins for Editor in 0.00 ms.
Mono: successfully reloaded assembly
- Completed reload, in  0.859 seconds
Platform modules already initialized, skipping
Refreshing native plugins compatible for Editor in 0.58 ms, found 2 plugins.
Preloading 0 native plugins for Editor in 0.00 ms.
Unloading 3365 Unused Serialized files (Serialized files now loaded: 0)
System memory in use before: 129.5 MB.
System memory in use after: 129.7 MB.

Unloading 11 unused Assets to reduce memory usage. Loaded Objects now: 3871.
Total: 2.085000 ms (FindLiveObjects: 0.236800 ms CreateObjectMapping: 0.149200 ms MarkObjects: 1.684600 ms  DeleteObjects: 0.013600 ms)

========================================================================
Received Prepare
Registering precompiled user dll's ...
Registered in 0.002904 seconds.
Begin MonoManager ReloadAssembly
Symbol file LoadedFromMemory doesn't match image C:\Users\bk.2t\Documents\GitHub\BTempeNMcCrackenChoiceBuild\Horror Unity Game\Library\PackageCache\com.unity.visualscripting@1.6.1\Editor\VisualScripting.Core\Dependencies\YamlDotNet\Unity.VisualScripting.YamlDotNet.dll
Symbol file LoadedFromMemory doesn't match image C:\Users\bk.2t\Documents\GitHub\BTempeNMcCrackenChoiceBuild\Horror Unity Game\Library\PackageCache\com.unity.visualscripting@1.6.1\Editor\VisualScripting.Core\Dependencies\DotNetZip\Unity.VisualScripting.IonicZip.dll
Native extension for WindowsStandalone target not found
Native extension for WebGL target not found
Refreshing native plugins compatible for Editor in 0.60 ms, found 2 plugins.
Preloading 0 native plugins for Editor in 0.00 ms.
Mono: successfully reloaded assembly
- Completed reload, in  0.875 seconds
Platform modules already initialized, skipping
Refreshing native plugins compatible for Editor in 0.62 ms, found 2 plugins.
Preloading 0 native plugins for Editor in 0.00 ms.
Unloading 3365 Unused Serialized files (Serialized files now loaded: 0)
System memory in use before: 129.5 MB.
System memory in use after: 129.7 MB.

Unloading 11 unused Assets to reduce memory usage. Loaded Objects now: 3875.
Total: 2.072700 ms (FindLiveObjects: 0.251400 ms CreateObjectMapping: 0.162600 ms MarkObjects: 1.644700 ms  DeleteObjects: 0.013400 ms)

========================================================================
Received Prepare
Registering precompiled user dll's ...
Registered in 0.002893 seconds.
Begin MonoManager ReloadAssembly
Symbol file LoadedFromMemory doesn't match image C:\Users\bk.2t\Documents\GitHub\BTempeNMcCrackenChoiceBuild\Horror Unity Game\Library\PackageCache\com.unity.visualscripting@1.6.1\Editor\VisualScripting.Core\Dependencies\YamlDotNet\Unity.VisualScripting.YamlDotNet.dll
Symbol file LoadedFromMemory doesn't match image C:\Users\bk.2t\Documents\GitHub\BTempeNMcCrackenChoiceBuild\Horror Unity Game\Library\PackageCache\com.unity.visualscripting@1.6.1\Editor\VisualScripting.Core\Dependencies\DotNetZip\Unity.VisualScripting.IonicZip.dll
Native extension for WindowsStandalone target not found
Native extension for WebGL target not found
Refreshing native plugins compatible for Editor in 0.61 ms, found 2 plugins.
Preloading 0 native plugins for Editor in 0.00 ms.
Mono: successfully reloaded assembly
- Completed reload, in  0.876 seconds
Platform modules already initialized, skipping
Refreshing native plugins compatible for Editor in 0.57 ms, found 2 plugins.
Preloading 0 native plugins for Editor in 0.00 ms.
Unloading 3365 Unused Serialized files (Serialized files now loaded: 0)
System memory in use before: 129.5 MB.
System memory in use after: 129.8 MB.

Unloading 11 unused Assets to reduce memory usage. Loaded Objects now: 3879.
Total: 2.136100 ms (FindLiveObjects: 0.257000 ms CreateObjectMapping: 0.164500 ms MarkObjects: 1.699300 ms  DeleteObjects: 0.014500 ms)

========================================================================
Received Prepare
Registering precompiled user dll's ...
Registered in 0.002740 seconds.
Begin MonoManager ReloadAssembly
Symbol file LoadedFromMemory doesn't match image C:\Users\bk.2t\Documents\GitHub\BTempeNMcCrackenChoiceBuild\Horror Unity Game\Library\PackageCache\com.unity.visualscripting@1.6.1\Editor\VisualScripting.Core\Dependencies\YamlDotNet\Unity.VisualScripting.YamlDotNet.dll
Symbol file LoadedFromMemory doesn't match image C:\Users\bk.2t\Documents\GitHub\BTempeNMcCrackenChoiceBuild\Horror Unity Game\Library\PackageCache\com.unity.visualscripting@1.6.1\Editor\VisualScripting.Core\Dependencies\DotNetZip\Unity.VisualScripting.IonicZip.dll
Native extension for WindowsStandalone target not found
Native extension for WebGL target not found
Refreshing native plugins compatible for Editor in 0.57 ms, found 2 plugins.
Preloading 0 native plugins for Editor in 0.00 ms.
Mono: successfully reloaded assembly
- Completed reload, in  0.831 seconds
Platform modules already initialized, skipping
Refreshing native plugins compatible for Editor in 0.58 ms, found 2 plugins.
Preloading 0 native plugins for Editor in 0.00 ms.
Unloading 3365 Unused Serialized files (Serialized files now loaded: 0)
System memory in use before: 129.5 MB.
System memory in use after: 129.8 MB.

Unloading 11 unused Assets to reduce memory usage. Loaded Objects now: 3883.
Total: 2.673000 ms (FindLiveObjects: 0.357600 ms CreateObjectMapping: 0.211800 ms MarkObjects: 2.084700 ms  DeleteObjects: 0.016900 ms)

========================================================================
Received Prepare
Registering precompiled user dll's ...
Registered in 0.002968 seconds.
Begin MonoManager ReloadAssembly
Symbol file LoadedFromMemory doesn't match image C:\Users\bk.2t\Documents\GitHub\BTempeNMcCrackenChoiceBuild\Horror Unity Game\Library\PackageCache\com.unity.visualscripting@1.6.1\Editor\VisualScripting.Core\Dependencies\YamlDotNet\Unity.VisualScripting.YamlDotNet.dll
Symbol file LoadedFromMemory doesn't match image C:\Users\bk.2t\Documents\GitHub\BTempeNMcCrackenChoiceBuild\Horror Unity Game\Library\PackageCache\com.unity.visualscripting@1.6.1\Editor\VisualScripting.Core\Dependencies\DotNetZip\Unity.VisualScripting.IonicZip.dll
Native extension for WindowsStandalone target not found
Native extension for WebGL target not found
Refreshing native plugins compatible for Editor in 0.61 ms, found 2 plugins.
Preloading 0 native plugins for Editor in 0.00 ms.
Mono: successfully reloaded assembly
- Completed reload, in  0.868 seconds
Platform modules already initialized, skipping
Refreshing native plugins compatible for Editor in 0.57 ms, found 2 plugins.
Preloading 0 native plugins for Editor in 0.00 ms.
Unloading 3365 Unused Serialized files (Serialized files now loaded: 0)
System memory in use before: 129.5 MB.
System memory in use after: 129.8 MB.

Unloading 11 unused Assets to reduce memory usage. Loaded Objects now: 3887.
Total: 3.625400 ms (FindLiveObjects: 0.465100 ms CreateObjectMapping: 0.259900 ms MarkObjects: 2.878800 ms  DeleteObjects: 0.020500 ms)

========================================================================
Received Prepare
Registering precompiled user dll's ...
Registered in 0.002731 seconds.
Begin MonoManager ReloadAssembly
Symbol file LoadedFromMemory doesn't match image C:\Users\bk.2t\Documents\GitHub\BTempeNMcCrackenChoiceBuild\Horror Unity Game\Library\PackageCache\com.unity.visualscripting@1.6.1\Editor\VisualScripting.Core\Dependencies\YamlDotNet\Unity.VisualScripting.YamlDotNet.dll
Symbol file LoadedFromMemory doesn't match image C:\Users\bk.2t\Documents\GitHub\BTempeNMcCrackenChoiceBuild\Horror Unity Game\Library\PackageCache\com.unity.visualscripting@1.6.1\Editor\VisualScripting.Core\Dependencies\DotNetZip\Unity.VisualScripting.IonicZip.dll
Native extension for WindowsStandalone target not found
Native extension for WebGL target not found
Refreshing native plugins compatible for Editor in 0.59 ms, found 2 plugins.
Preloading 0 native plugins for Editor in 0.00 ms.
Mono: successfully reloaded assembly
- Completed reload, in  0.857 seconds
Platform modules already initialized, skipping
Refreshing native plugins compatible for Editor in 0.61 ms, found 2 plugins.
Preloading 0 native plugins for Editor in 0.00 ms.
Unloading 3365 Unused Serialized files (Serialized files now loaded: 0)
System memory in use before: 129.5 MB.
System memory in use after: 129.8 MB.

Unloading 11 unused Assets to reduce memory usage. Loaded Objects now: 3891.
Total: 2.515300 ms (FindLiveObjects: 0.346800 ms CreateObjectMapping: 0.176100 ms MarkObjects: 1.966800 ms  DeleteObjects: 0.023900 ms)

========================================================================
Received Prepare
Registering precompiled user dll's ...
Registered in 0.002793 seconds.
Begin MonoManager ReloadAssembly
Symbol file LoadedFromMemory doesn't match image C:\Users\bk.2t\Documents\GitHub\BTempeNMcCrackenChoiceBuild\Horror Unity Game\Library\PackageCache\com.unity.visualscripting@1.6.1\Editor\VisualScripting.Core\Dependencies\YamlDotNet\Unity.VisualScripting.YamlDotNet.dll
Symbol file LoadedFromMemory doesn't match image C:\Users\bk.2t\Documents\GitHub\BTempeNMcCrackenChoiceBuild\Horror Unity Game\Library\PackageCache\com.unity.visualscripting@1.6.1\Editor\VisualScripting.Core\Dependencies\DotNetZip\Unity.VisualScripting.IonicZip.dll
Native extension for WindowsStandalone target not found
Native extension for WebGL target not found
Refreshing native plugins compatible for Editor in 0.58 ms, found 2 plugins.
Preloading 0 native plugins for Editor in 0.00 ms.
Mono: successfully reloaded assembly
- Completed reload, in  0.854 seconds
Platform modules already initialized, skipping
Refreshing native plugins compatible for Editor in 0.58 ms, found 2 plugins.
Preloading 0 native plugins for Editor in 0.00 ms.
Unloading 3365 Unused Serialized files (Serialized files now loaded: 0)
System memory in use before: 129.6 MB.
System memory in use after: 129.8 MB.

Unloading 11 unused Assets to reduce memory usage. Loaded Objects now: 3895.
Total: 2.474300 ms (FindLiveObjects: 0.326000 ms CreateObjectMapping: 0.224400 ms MarkObjects: 1.904700 ms  DeleteObjects: 0.017800 ms)

========================================================================
Received Prepare
Registering precompiled user dll's ...
Registered in 0.002894 seconds.
Begin MonoManager ReloadAssembly
Symbol file LoadedFromMemory doesn't match image C:\Users\bk.2t\Documents\GitHub\BTempeNMcCrackenChoiceBuild\Horror Unity Game\Library\PackageCache\com.unity.visualscripting@1.6.1\Editor\VisualScripting.Core\Dependencies\YamlDotNet\Unity.VisualScripting.YamlDotNet.dll
Symbol file LoadedFromMemory doesn't match image C:\Users\bk.2t\Documents\GitHub\BTempeNMcCrackenChoiceBuild\Horror Unity Game\Library\PackageCache\com.unity.visualscripting@1.6.1\Editor\VisualScripting.Core\Dependencies\DotNetZip\Unity.VisualScripting.IonicZip.dll
Native extension for WindowsStandalone target not found
Native extension for WebGL target not found
Refreshing native plugins compatible for Editor in 0.60 ms, found 2 plugins.
Preloading 0 native plugins for Editor in 0.00 ms.
Mono: successfully reloaded assembly
- Completed reload, in  0.858 seconds
Platform modules already initialized, skipping
Refreshing native plugins compatible for Editor in 0.81 ms, found 2 plugins.
Preloading 0 native plugins for Editor in 0.00 ms.
Unloading 3365 Unused Serialized files (Serialized files now loaded: 0)
System memory in use before: 129.6 MB.
System memory in use after: 129.8 MB.

Unloading 11 unused Assets to reduce memory usage. Loaded Objects now: 3899.
Total: 2.091800 ms (FindLiveObjects: 0.253700 ms CreateObjectMapping: 0.160100 ms MarkObjects: 1.663600 ms  DeleteObjects: 0.013800 ms)

========================================================================
Received Prepare
Registering precompiled user dll's ...
Registered in 0.002843 seconds.
Begin MonoManager ReloadAssembly
Symbol file LoadedFromMemory doesn't match image C:\Users\bk.2t\Documents\GitHub\BTempeNMcCrackenChoiceBuild\Horror Unity Game\Library\PackageCache\com.unity.visualscripting@1.6.1\Editor\VisualScripting.Core\Dependencies\YamlDotNet\Unity.VisualScripting.YamlDotNet.dll
Symbol file LoadedFromMemory doesn't match image C:\Users\bk.2t\Documents\GitHub\BTempeNMcCrackenChoiceBuild\Horror Unity Game\Library\PackageCache\com.unity.visualscripting@1.6.1\Editor\VisualScripting.Core\Dependencies\DotNetZip\Unity.VisualScripting.IonicZip.dll
Native extension for WindowsStandalone target not found
Native extension for WebGL target not found
Refreshing native plugins compatible for Editor in 0.61 ms, found 2 plugins.
Preloading 0 native plugins for Editor in 0.00 ms.
Mono: successfully reloaded assembly
- Completed reload, in  0.868 seconds
Platform modules already initialized, skipping
Refreshing native plugins compatible for Editor in 0.89 ms, found 2 plugins.
Preloading 0 native plugins for Editor in 0.00 ms.
Unloading 3365 Unused Serialized files (Serialized files now loaded: 0)
System memory in use before: 129.6 MB.
System memory in use after: 129.8 MB.

Unloading 11 unused Assets to reduce memory usage. Loaded Objects now: 3903.
Total: 2.832300 ms (FindLiveObjects: 0.284800 ms CreateObjectMapping: 0.188300 ms MarkObjects: 2.335900 ms  DeleteObjects: 0.022200 ms)

========================================================================
Received Prepare
Registering precompiled user dll's ...
Registered in 0.002799 seconds.
Begin MonoManager ReloadAssembly
Symbol file LoadedFromMemory doesn't match image C:\Users\bk.2t\Documents\GitHub\BTempeNMcCrackenChoiceBuild\Horror Unity Game\Library\PackageCache\com.unity.visualscripting@1.6.1\Editor\VisualScripting.Core\Dependencies\YamlDotNet\Unity.VisualScripting.YamlDotNet.dll
Symbol file LoadedFromMemory doesn't match image C:\Users\bk.2t\Documents\GitHub\BTempeNMcCrackenChoiceBuild\Horror Unity Game\Library\PackageCache\com.unity.visualscripting@1.6.1\Editor\VisualScripting.Core\Dependencies\DotNetZip\Unity.VisualScripting.IonicZip.dll
Native extension for WindowsStandalone target not found
Native extension for WebGL target not found
Refreshing native plugins compatible for Editor in 0.78 ms, found 2 plugins.
Preloading 0 native plugins for Editor in 0.00 ms.
Mono: successfully reloaded assembly
- Completed reload, in  0.937 seconds
Platform modules already initialized, skipping
Refreshing native plugins compatible for Editor in 0.60 ms, found 2 plugins.
Preloading 0 native plugins for Editor in 0.00 ms.
Unloading 3365 Unused Serialized files (Serialized files now loaded: 0)
System memory in use before: 129.6 MB.
System memory in use after: 129.8 MB.

Unloading 11 unused Assets to reduce memory usage. Loaded Objects now: 3907.
Total: 2.192600 ms (FindLiveObjects: 0.255600 ms CreateObjectMapping: 0.160900 ms MarkObjects: 1.761800 ms  DeleteObjects: 0.013600 ms)

========================================================================
Received Import Request.
  Time since last request: 1272.120559 seconds.
  path: Assets/Player/Jorge The Scientist(Player)HE IS PROTAGONIST.prefab
  artifactKey: Guid(88319cc141f75ad4fb3bb71c2e49dd68) Importer(815301076,1909f56bfc062723c751e8b465ee728b)
Start importing Assets/Player/Jorge The Scientist(Player)HE IS PROTAGONIST.prefab using Guid(88319cc141f75ad4fb3bb71c2e49dd68) Importer(815301076,1909f56bfc062723c751e8b465ee728b)  -> (artifact id: '2b4fa0d67134a62a988ca723d4d378e7') in 0.088718 seconds 
========================================================================
Received Import Request.
  Time since last request: 2.880577 seconds.
  path: Assets/Bio Lab Factory Thing.prefab
  artifactKey: Guid(c6b694e279d948e40bd5ee2ec60d5f51) Importer(815301076,1909f56bfc062723c751e8b465ee728b)
Start importing Assets/Bio Lab Factory Thing.prefab using Guid(c6b694e279d948e40bd5ee2ec60d5f51) Importer(815301076,1909f56bfc062723c751e8b465ee728b)  -> (artifact id: '19cadbc8febdf8a8999bf84156950786') in 0.005266 seconds 
========================================================================
Received Prepare
Registering precompiled user dll's ...
Registered in 0.002806 seconds.
Begin MonoManager ReloadAssembly
Symbol file LoadedFromMemory doesn't match image C:\Users\bk.2t\Documents\GitHub\BTempeNMcCrackenChoiceBuild\Horror Unity Game\Library\PackageCache\com.unity.visualscripting@1.6.1\Editor\VisualScripting.Core\Dependencies\YamlDotNet\Unity.VisualScripting.YamlDotNet.dll
Symbol file LoadedFromMemory doesn't match image C:\Users\bk.2t\Documents\GitHub\BTempeNMcCrackenChoiceBuild\Horror Unity Game\Library\PackageCache\com.unity.visualscripting@1.6.1\Editor\VisualScripting.Core\Dependencies\DotNetZip\Unity.VisualScripting.IonicZip.dll
Native extension for WindowsStandalone target not found
Native extension for WebGL target not found
Refreshing native plugins compatible for Editor in 0.58 ms, found 2 plugins.
Preloading 0 native plugins for Editor in 0.00 ms.
Mono: successfully reloaded assembly
- Completed reload, in  0.894 seconds
Platform modules already initialized, skipping
Refreshing native plugins compatible for Editor in 0.58 ms, found 2 plugins.
Preloading 0 native plugins for Editor in 0.00 ms.
Unloading 3365 Unused Serialized files (Serialized files now loaded: 0)
System memory in use before: 133.3 MB.
System memory in use after: 133.5 MB.

Unloading 11 unused Assets to reduce memory usage. Loaded Objects now: 3918.
Total: 2.327500 ms (FindLiveObjects: 0.356200 ms CreateObjectMapping: 0.203400 ms MarkObjects: 1.750400 ms  DeleteObjects: 0.016400 ms)

========================================================================
Received Prepare
Registering precompiled user dll's ...
Registered in 0.003921 seconds.
Begin MonoManager ReloadAssembly
Symbol file LoadedFromMemory doesn't match image C:\Users\bk.2t\Documents\GitHub\BTempeNMcCrackenChoiceBuild\Horror Unity Game\Library\PackageCache\com.unity.visualscripting@1.6.1\Editor\VisualScripting.Core\Dependencies\YamlDotNet\Unity.VisualScripting.YamlDotNet.dll
Symbol file LoadedFromMemory doesn't match image C:\Users\bk.2t\Documents\GitHub\BTempeNMcCrackenChoiceBuild\Horror Unity Game\Library\PackageCache\com.unity.visualscripting@1.6.1\Editor\VisualScripting.Core\Dependencies\DotNetZip\Unity.VisualScripting.IonicZip.dll
Native extension for WindowsStandalone target not found
Native extension for WebGL target not found
Refreshing native plugins compatible for Editor in 0.94 ms, found 2 plugins.
Preloading 0 native plugins for Editor in 0.00 ms.
Mono: successfully reloaded assembly
- Completed reload, in  0.887 seconds
Platform modules already initialized, skipping
Refreshing native plugins compatible for Editor in 0.70 ms, found 2 plugins.
Preloading 0 native plugins for Editor in 0.00 ms.
Unloading 3365 Unused Serialized files (Serialized files now loaded: 0)
System memory in use before: 133.3 MB.
System memory in use after: 133.5 MB.

Unloading 11 unused Assets to reduce memory usage. Loaded Objects now: 3922.
Total: 2.170500 ms (FindLiveObjects: 0.248300 ms CreateObjectMapping: 0.155700 ms MarkObjects: 1.749900 ms  DeleteObjects: 0.015400 ms)

========================================================================
Received Prepare
Registering precompiled user dll's ...
Registered in 0.002993 seconds.
Begin MonoManager ReloadAssembly
Symbol file LoadedFromMemory doesn't match image C:\Users\bk.2t\Documents\GitHub\BTempeNMcCrackenChoiceBuild\Horror Unity Game\Library\PackageCache\com.unity.visualscripting@1.6.1\Editor\VisualScripting.Core\Dependencies\YamlDotNet\Unity.VisualScripting.YamlDotNet.dll
Symbol file LoadedFromMemory doesn't match image C:\Users\bk.2t\Documents\GitHub\BTempeNMcCrackenChoiceBuild\Horror Unity Game\Library\PackageCache\com.unity.visualscripting@1.6.1\Editor\VisualScripting.Core\Dependencies\DotNetZip\Unity.VisualScripting.IonicZip.dll
Native extension for WindowsStandalone target not found
Native extension for WebGL target not found
Refreshing native plugins compatible for Editor in 0.70 ms, found 2 plugins.
Preloading 0 native plugins for Editor in 0.00 ms.
Mono: successfully reloaded assembly
- Completed reload, in  0.862 seconds
Platform modules already initialized, skipping
Refreshing native plugins compatible for Editor in 0.57 ms, found 2 plugins.
Preloading 0 native plugins for Editor in 0.00 ms.
Unloading 3365 Unused Serialized files (Serialized files now loaded: 0)
System memory in use before: 133.3 MB.
System memory in use after: 133.5 MB.

Unloading 11 unused Assets to reduce memory usage. Loaded Objects now: 3926.
Total: 2.267500 ms (FindLiveObjects: 0.275200 ms CreateObjectMapping: 0.199700 ms MarkObjects: 1.775400 ms  DeleteObjects: 0.016200 ms)

========================================================================
Received Import Request.
  Time since last request: 154.239554 seconds.
  path: Assets/Scenes/The Start.unity
  artifactKey: Guid(4e52d45651e5cfe4fb536811f53e8f03) Importer(815301076,1909f56bfc062723c751e8b465ee728b)
Start importing Assets/Scenes/The Start.unity using Guid(4e52d45651e5cfe4fb536811f53e8f03) Importer(815301076,1909f56bfc062723c751e8b465ee728b)  -> (artifact id: 'f899071903550309c19b2dc27cdd4aa1') in 0.018864 seconds 
========================================================================
Received Prepare
Registering precompiled user dll's ...
Registered in 0.002753 seconds.
Begin MonoManager ReloadAssembly
Symbol file LoadedFromMemory doesn't match image C:\Users\bk.2t\Documents\GitHub\BTempeNMcCrackenChoiceBuild\Horror Unity Game\Library\PackageCache\com.unity.visualscripting@1.6.1\Editor\VisualScripting.Core\Dependencies\YamlDotNet\Unity.VisualScripting.YamlDotNet.dll
Symbol file LoadedFromMemory doesn't match image C:\Users\bk.2t\Documents\GitHub\BTempeNMcCrackenChoiceBuild\Horror Unity Game\Library\PackageCache\com.unity.visualscripting@1.6.1\Editor\VisualScripting.Core\Dependencies\DotNetZip\Unity.VisualScripting.IonicZip.dll
Native extension for WindowsStandalone target not found
Native extension for WebGL target not found
Refreshing native plugins compatible for Editor in 0.65 ms, found 2 plugins.
Preloading 0 native plugins for Editor in 0.00 ms.
Mono: successfully reloaded assembly
- Completed reload, in  0.867 seconds
Platform modules already initialized, skipping
Refreshing native plugins compatible for Editor in 0.59 ms, found 2 plugins.
Preloading 0 native plugins for Editor in 0.00 ms.
Unloading 3365 Unused Serialized files (Serialized files now loaded: 0)
System memory in use before: 133.3 MB.
System memory in use after: 133.5 MB.

Unloading 11 unused Assets to reduce memory usage. Loaded Objects now: 3930.
Total: 2.141300 ms (FindLiveObjects: 0.245600 ms CreateObjectMapping: 0.153400 ms MarkObjects: 1.728700 ms  DeleteObjects: 0.012700 ms)

========================================================================
Received Import Request.
  Time since last request: 16.106123 seconds.
  path: Assets/Scenes/Level 2.unity
  artifactKey: Guid(ed8e90968edb46740afa6894588451a4) Importer(815301076,1909f56bfc062723c751e8b465ee728b)
Start importing Assets/Scenes/Level 2.unity using Guid(ed8e90968edb46740afa6894588451a4) Importer(815301076,1909f56bfc062723c751e8b465ee728b)  -> (artifact id: '4393ca59b5f82fbda363e1f3a00c086e') in 0.017804 seconds 
========================================================================
Received Prepare
Registering precompiled user dll's ...
Registered in 0.002789 seconds.
Begin MonoManager ReloadAssembly
Symbol file LoadedFromMemory doesn't match image C:\Users\bk.2t\Documents\GitHub\BTempeNMcCrackenChoiceBuild\Horror Unity Game\Library\PackageCache\com.unity.visualscripting@1.6.1\Editor\VisualScripting.Core\Dependencies\YamlDotNet\Unity.VisualScripting.YamlDotNet.dll
Symbol file LoadedFromMemory doesn't match image C:\Users\bk.2t\Documents\GitHub\BTempeNMcCrackenChoiceBuild\Horror Unity Game\Library\PackageCache\com.unity.visualscripting@1.6.1\Editor\VisualScripting.Core\Dependencies\DotNetZip\Unity.VisualScripting.IonicZip.dll
Native extension for WindowsStandalone target not found
Native extension for WebGL target not found
Refreshing native plugins compatible for Editor in 0.71 ms, found 2 plugins.
Preloading 0 native plugins for Editor in 0.00 ms.
Mono: successfully reloaded assembly
- Completed reload, in  0.874 seconds
Platform modules already initialized, skipping
Refreshing native plugins compatible for Editor in 0.61 ms, found 2 plugins.
Preloading 0 native plugins for Editor in 0.00 ms.
Unloading 3365 Unused Serialized files (Serialized files now loaded: 0)
System memory in use before: 133.3 MB.
System memory in use after: 133.5 MB.

Unloading 11 unused Assets to reduce memory usage. Loaded Objects now: 3934.
Total: 2.183200 ms (FindLiveObjects: 0.254500 ms CreateObjectMapping: 0.172700 ms MarkObjects: 1.742600 ms  DeleteObjects: 0.012700 ms)

========================================================================
Received Import Request.
  Time since last request: 37.253349 seconds.
  path: Assets/Scenes/Level 3 (left).unity
  artifactKey: Guid(6a2a6348a0a395f42b3001f80ee3eccc) Importer(815301076,1909f56bfc062723c751e8b465ee728b)
Start importing Assets/Scenes/Level 3 (left).unity using Guid(6a2a6348a0a395f42b3001f80ee3eccc) Importer(815301076,1909f56bfc062723c751e8b465ee728b)  -> (artifact id: 'd990ca54d9489e5744ca64e8c3ad03b7') in 0.015340 seconds 
========================================================================
Received Prepare
Registering precompiled user dll's ...
Registered in 0.002756 seconds.
Begin MonoManager ReloadAssembly
Symbol file LoadedFromMemory doesn't match image C:\Users\bk.2t\Documents\GitHub\BTempeNMcCrackenChoiceBuild\Horror Unity Game\Library\PackageCache\com.unity.visualscripting@1.6.1\Editor\VisualScripting.Core\Dependencies\YamlDotNet\Unity.VisualScripting.YamlDotNet.dll
Symbol file LoadedFromMemory doesn't match image C:\Users\bk.2t\Documents\GitHub\BTempeNMcCrackenChoiceBuild\Horror Unity Game\Library\PackageCache\com.unity.visualscripting@1.6.1\Editor\VisualScripting.Core\Dependencies\DotNetZip\Unity.VisualScripting.IonicZip.dll
Native extension for WindowsStandalone target not found
Native extension for WebGL target not found
Refreshing native plugins compatible for Editor in 0.74 ms, found 2 plugins.
Preloading 0 native plugins for Editor in 0.00 ms.
Mono: successfully reloaded assembly
- Completed reload, in  0.845 seconds
Platform modules already initialized, skipping
Refreshing native plugins compatible for Editor in 0.73 ms, found 2 plugins.
Preloading 0 native plugins for Editor in 0.00 ms.
Unloading 3365 Unused Serialized files (Serialized files now loaded: 0)
System memory in use before: 133.3 MB.
System memory in use after: 133.5 MB.

Unloading 11 unused Assets to reduce memory usage. Loaded Objects now: 3938.
Total: 2.063500 ms (FindLiveObjects: 0.233300 ms CreateObjectMapping: 0.142000 ms MarkObjects: 1.674400 ms  DeleteObjects: 0.013100 ms)

========================================================================
Received Prepare
Registering precompiled user dll's ...
Registered in 0.002955 seconds.
Begin MonoManager ReloadAssembly
Symbol file LoadedFromMemory doesn't match image C:\Users\bk.2t\Documents\GitHub\BTempeNMcCrackenChoiceBuild\Horror Unity Game\Library\PackageCache\com.unity.visualscripting@1.6.1\Editor\VisualScripting.Core\Dependencies\YamlDotNet\Unity.VisualScripting.YamlDotNet.dll
Symbol file LoadedFromMemory doesn't match image C:\Users\bk.2t\Documents\GitHub\BTempeNMcCrackenChoiceBuild\Horror Unity Game\Library\PackageCache\com.unity.visualscripting@1.6.1\Editor\VisualScripting.Core\Dependencies\DotNetZip\Unity.VisualScripting.IonicZip.dll
Native extension for WindowsStandalone target not found
Native extension for WebGL target not found
Refreshing native plugins compatible for Editor in 0.60 ms, found 2 plugins.
Preloading 0 native plugins for Editor in 0.00 ms.
Mono: successfully reloaded assembly
- Completed reload, in  0.897 seconds
Platform modules already initialized, skipping
Refreshing native plugins compatible for Editor in 0.62 ms, found 2 plugins.
Preloading 0 native plugins for Editor in 0.00 ms.
Unloading 3365 Unused Serialized files (Serialized files now loaded: 0)
System memory in use before: 133.3 MB.
System memory in use after: 133.5 MB.

Unloading 11 unused Assets to reduce memory usage. Loaded Objects now: 3942.
Total: 2.126200 ms (FindLiveObjects: 0.251200 ms CreateObjectMapping: 0.164800 ms MarkObjects: 1.695700 ms  DeleteObjects: 0.013800 ms)

========================================================================
Received Import Request.
  Time since last request: 435.451958 seconds.
  path: Assets/Sprites/Level One/AAAAAAAAAAAAAAAAAAAAAAAAAAA.png
  artifactKey: Guid(f19e4e4aaddf4e94a98222c4d6eee728) Importer(815301076,1909f56bfc062723c751e8b465ee728b)
Start importing Assets/Sprites/Level One/AAAAAAAAAAAAAAAAAAAAAAAAAAA.png using Guid(f19e4e4aaddf4e94a98222c4d6eee728) Importer(815301076,1909f56bfc062723c751e8b465ee728b)  -> (artifact id: '70e1561bd15d3aa7fc5038fc52a055a2') in 0.093489 seconds 
========================================================================
Received Import Request.
  Time since last request: 0.000241 seconds.
  path: Assets/Sprites/Level One/unga bunga cornero 2.png
  artifactKey: Guid(1a4c58a22931a14439e155473f1adb7a) Importer(815301076,1909f56bfc062723c751e8b465ee728b)
Start importing Assets/Sprites/Level One/unga bunga cornero 2.png using Guid(1a4c58a22931a14439e155473f1adb7a) Importer(815301076,1909f56bfc062723c751e8b465ee728b)  -> (artifact id: '62930532423085bfbbb22b4259c18714') in 0.009161 seconds 
========================================================================
Received Import Request.
  Time since last request: 0.000480 seconds.
  path: Assets/Sprites/Level One/AAAAAAAAAAAAAAAAAAAAAAAAAAA_0.asset
  artifactKey: Guid(a1a95d07a6671e844aff65d0e2937d8a) Importer(815301076,1909f56bfc062723c751e8b465ee728b)
Start importing Assets/Sprites/Level One/AAAAAAAAAAAAAAAAAAAAAAAAAAA_0.asset using Guid(a1a95d07a6671e844aff65d0e2937d8a) Importer(815301076,1909f56bfc062723c751e8b465ee728b)  -> (artifact id: '01064f9b4b36dfcc69d11cf273f9ec96') in 0.016077 seconds 
========================================================================
Received Import Request.
  Time since last request: 0.000244 seconds.
  path: Assets/Sprites/Level One/unga bunga cornero 3 (1).png
  artifactKey: Guid(3fc43b9eb5032a24384a908296b0dab5) Importer(815301076,1909f56bfc062723c751e8b465ee728b)
Start importing Assets/Sprites/Level One/unga bunga cornero 3 (1).png using Guid(3fc43b9eb5032a24384a908296b0dab5) Importer(815301076,1909f56bfc062723c751e8b465ee728b)  -> (artifact id: '94bbc6ae0010facaa4a9fd0687292bde') in 0.010144 seconds 
========================================================================
Received Import Request.
  Time since last request: 0.000262 seconds.
  path: Assets/Sprites/Level One/unga bunga.png
  artifactKey: Guid(c0c25375d3478df41828868295ca4023) Importer(815301076,1909f56bfc062723c751e8b465ee728b)
Start importing Assets/Sprites/Level One/unga bunga.png using Guid(c0c25375d3478df41828868295ca4023) Importer(815301076,1909f56bfc062723c751e8b465ee728b)  -> (artifact id: '286e7936537ebc0133978c72063afafb') in 0.009398 seconds 
========================================================================
Received Import Request.
  Time since last request: 0.000264 seconds.
  path: Assets/Sprites/Level One/unga bunga 4_0.asset
  artifactKey: Guid(f6adaed431aa06e4a80661e8b31bff30) Importer(815301076,1909f56bfc062723c751e8b465ee728b)
Start importing Assets/Sprites/Level One/unga bunga 4_0.asset using Guid(f6adaed431aa06e4a80661e8b31bff30) Importer(815301076,1909f56bfc062723c751e8b465ee728b)  -> (artifact id: '1a58c7aa78be49674b6be39758a05de1') in 0.009235 seconds 
========================================================================
Received Import Request.
  Time since last request: 0.000356 seconds.
  path: Assets/Sprites/Level One/unga bunga 3.png
  artifactKey: Guid(bec990f168c5bbc4db794f1cd4c49397) Importer(815301076,1909f56bfc062723c751e8b465ee728b)
Start importing Assets/Sprites/Level One/unga bunga 3.png using Guid(bec990f168c5bbc4db794f1cd4c49397) Importer(815301076,1909f56bfc062723c751e8b465ee728b)  -> (artifact id: '9b2da3bbc9e36b4b9850010a927337be') in 0.009480 seconds 
========================================================================
Received Import Request.
  Time since last request: 0.000300 seconds.
  path: Assets/Sprites/Level One/unga bunga cornero 3 (1) 1.png
  artifactKey: Guid(41070913186b6064eb4e7fa99e3e8df7) Importer(815301076,1909f56bfc062723c751e8b465ee728b)
Start importing Assets/Sprites/Level One/unga bunga cornero 3 (1) 1.png using Guid(41070913186b6064eb4e7fa99e3e8df7) Importer(815301076,1909f56bfc062723c751e8b465ee728b)  -> (artifact id: 'fb4b5072621fe612f560561feb546853') in 0.011193 seconds 
========================================================================
Received Import Request.
  Time since last request: 0.000290 seconds.
  path: Assets/Sprites/Level One/unga bunga cornero.png
  artifactKey: Guid(3d7f19272bd449a4d9cf3cf1c9c287ba) Importer(815301076,1909f56bfc062723c751e8b465ee728b)
Start importing Assets/Sprites/Level One/unga bunga cornero.png using Guid(3d7f19272bd449a4d9cf3cf1c9c287ba) Importer(815301076,1909f56bfc062723c751e8b465ee728b)  -> (artifact id: '18726c8f5ff4433f43a741742f18aeec') in 0.008598 seconds 
========================================================================
Received Import Request.
  Time since last request: 0.000248 seconds.
  path: Assets/Sprites/Level One/unga bunga 2_0.asset
  artifactKey: Guid(30ddf77d5a2eb834b8f700dd1cfd8c37) Importer(815301076,1909f56bfc062723c751e8b465ee728b)
Start importing Assets/Sprites/Level One/unga bunga 2_0.asset using Guid(30ddf77d5a2eb834b8f700dd1cfd8c37) Importer(815301076,1909f56bfc062723c751e8b465ee728b)  -> (artifact id: 'd1e41ec5f7db1000949d427bb5d3f99a') in 0.006835 seconds 
========================================================================
Received Import Request.
  Time since last request: 0.000338 seconds.
  path: Assets/Sprites/Level One/unga bunga 3_0.asset
  artifactKey: Guid(34859bef77eb41c4b8062ccdfadc1edc) Importer(815301076,1909f56bfc062723c751e8b465ee728b)
Start importing Assets/Sprites/Level One/unga bunga 3_0.asset using Guid(34859bef77eb41c4b8062ccdfadc1edc) Importer(815301076,1909f56bfc062723c751e8b465ee728b)  -> (artifact id: 'b3aad9f4382d10d3342fa357fd001669') in 0.007706 seconds 
========================================================================
Received Import Request.
  Time since last request: 0.000264 seconds.
  path: Assets/Sprites/Level One/unga bunga 5.png
  artifactKey: Guid(a4336c13c4847ea4283077423afe93b7) Importer(815301076,1909f56bfc062723c751e8b465ee728b)
Start importing Assets/Sprites/Level One/unga bunga 5.png using Guid(a4336c13c4847ea4283077423afe93b7) Importer(815301076,1909f56bfc062723c751e8b465ee728b)  -> (artifact id: '2c00d791dbda580fd53bd16e0dbf0aef') in 0.011382 seconds 
========================================================================
Received Import Request.
  Time since last request: 0.000356 seconds.
  path: Assets/Sprites/Level One/unga bunga cornero 2_0.asset
  artifactKey: Guid(5f001bd160006b7439ab2a07ad4f5813) Importer(815301076,1909f56bfc062723c751e8b465ee728b)
Start importing Assets/Sprites/Level One/unga bunga cornero 2_0.asset using Guid(5f001bd160006b7439ab2a07ad4f5813) Importer(815301076,1909f56bfc062723c751e8b465ee728b)  -> (artifact id: '66eafe22dcb0987f507859f19e2ff15b') in 0.006254 seconds 
========================================================================
Received Import Request.
  Time since last request: 0.000284 seconds.
  path: Assets/Sprites/Level One/unga bunga cornero_0.asset
  artifactKey: Guid(03d40ac6948195144ade69fb2c562103) Importer(815301076,1909f56bfc062723c751e8b465ee728b)
Start importing Assets/Sprites/Level One/unga bunga cornero_0.asset using Guid(03d40ac6948195144ade69fb2c562103) Importer(815301076,1909f56bfc062723c751e8b465ee728b)  -> (artifact id: 'd381444f49c66a31b6cb15b2c127110d') in 0.006585 seconds 
========================================================================
Received Import Request.
  Time since last request: 0.000290 seconds.
  path: Assets/Sprites/Level One/unga bunga 2.png
  artifactKey: Guid(725d75297a3847d4b9df2f7533ffc185) Importer(815301076,1909f56bfc062723c751e8b465ee728b)
Start importing Assets/Sprites/Level One/unga bunga 2.png using Guid(725d75297a3847d4b9df2f7533ffc185) Importer(815301076,1909f56bfc062723c751e8b465ee728b)  -> (artifact id: '160873899951b9aa8e7c0be80e296d1b') in 0.009986 seconds 
========================================================================
Received Import Request.
  Time since last request: 0.000309 seconds.
  path: Assets/Sprites/Level One/unga bunga cornero 3 (1)_0.asset
  artifactKey: Guid(14cd9a6a87d2bf844adc98858442ce2e) Importer(815301076,1909f56bfc062723c751e8b465ee728b)
Start importing Assets/Sprites/Level One/unga bunga cornero 3 (1)_0.asset using Guid(14cd9a6a87d2bf844adc98858442ce2e) Importer(815301076,1909f56bfc062723c751e8b465ee728b)  -> (artifact id: 'e564209e33a54216723e2bf941938b98') in 0.008442 seconds 
========================================================================
Received Import Request.
  Time since last request: 0.000288 seconds.
  path: Assets/Sprites/Level One/unga bunga_0.asset
  artifactKey: Guid(b0f7a245b9300154f81794fa8d074fe4) Importer(815301076,1909f56bfc062723c751e8b465ee728b)
Start importing Assets/Sprites/Level One/unga bunga_0.asset using Guid(b0f7a245b9300154f81794fa8d074fe4) Importer(815301076,1909f56bfc062723c751e8b465ee728b)  -> (artifact id: 'c0cc37f6fe97ce72989b59cf5b696b58') in 0.008941 seconds 
========================================================================
Received Import Request.
  Time since last request: 0.000294 seconds.
  path: Assets/Sprites/Level One/unga bunga 4.png
  artifactKey: Guid(ba1e99a92c90fa3409ff79aa5ae313e7) Importer(815301076,1909f56bfc062723c751e8b465ee728b)
Start importing Assets/Sprites/Level One/unga bunga 4.png using Guid(ba1e99a92c90fa3409ff79aa5ae313e7) Importer(815301076,1909f56bfc062723c751e8b465ee728b)  -> (artifact id: '443775d5d836c1fa84671d10746dec62') in 0.008509 seconds 
========================================================================
Received Import Request.
  Time since last request: 0.000276 seconds.
  path: Assets/Sprites/Level One/unga bunga cornero 4 (1).png
  artifactKey: Guid(40c9a1ce48792834bbd1557f62c1f7fa) Importer(815301076,1909f56bfc062723c751e8b465ee728b)
Start importing Assets/Sprites/Level One/unga bunga cornero 4 (1).png using Guid(40c9a1ce48792834bbd1557f62c1f7fa) Importer(815301076,1909f56bfc062723c751e8b465ee728b)  -> (artifact id: '7e600da03c800958bc461fcd756c443f') in 0.010302 seconds 
========================================================================
Received Import Request.
  Time since last request: 0.000282 seconds.
  path: Assets/Sprites/Level One/unga bunga cornero 4 (1)_0.asset
  artifactKey: Guid(d96557216c6e590498d84b4262e7df8b) Importer(815301076,1909f56bfc062723c751e8b465ee728b)
Start importing Assets/Sprites/Level One/unga bunga cornero 4 (1)_0.asset using Guid(d96557216c6e590498d84b4262e7df8b) Importer(815301076,1909f56bfc062723c751e8b465ee728b)  -> (artifact id: 'c227b99a2cd531d306d330f6cb564b7c') in 0.006119 seconds 
========================================================================
Received Prepare
Registering precompiled user dll's ...
Registered in 0.002825 seconds.
Begin MonoManager ReloadAssembly
Symbol file LoadedFromMemory doesn't match image C:\Users\bk.2t\Documents\GitHub\BTempeNMcCrackenChoiceBuild\Horror Unity Game\Library\PackageCache\com.unity.visualscripting@1.6.1\Editor\VisualScripting.Core\Dependencies\YamlDotNet\Unity.VisualScripting.YamlDotNet.dll
Symbol file LoadedFromMemory doesn't match image C:\Users\bk.2t\Documents\GitHub\BTempeNMcCrackenChoiceBuild\Horror Unity Game\Library\PackageCache\com.unity.visualscripting@1.6.1\Editor\VisualScripting.Core\Dependencies\DotNetZip\Unity.VisualScripting.IonicZip.dll
Native extension for WindowsStandalone target not found
Native extension for WebGL target not found
Refreshing native plugins compatible for Editor in 0.58 ms, found 2 plugins.
Preloading 0 native plugins for Editor in 0.00 ms.
Mono: successfully reloaded assembly
- Completed reload, in  0.865 seconds
Platform modules already initialized, skipping
Refreshing native plugins compatible for Editor in 0.80 ms, found 2 plugins.
Preloading 0 native plugins for Editor in 0.00 ms.
Unloading 3376 Unused Serialized files (Serialized files now loaded: 0)
System memory in use before: 138.9 MB.
System memory in use after: 139.1 MB.

Unloading 11 unused Assets to reduce memory usage. Loaded Objects now: 4117.
Total: 2.213000 ms (FindLiveObjects: 0.270800 ms CreateObjectMapping: 0.163500 ms MarkObjects: 1.762400 ms  DeleteObjects: 0.015400 ms)

========================================================================
Received Prepare
Registering precompiled user dll's ...
Registered in 0.002797 seconds.
Begin MonoManager ReloadAssembly
Symbol file LoadedFromMemory doesn't match image C:\Users\bk.2t\Documents\GitHub\BTempeNMcCrackenChoiceBuild\Horror Unity Game\Library\PackageCache\com.unity.visualscripting@1.6.1\Editor\VisualScripting.Core\Dependencies\YamlDotNet\Unity.VisualScripting.YamlDotNet.dll
Symbol file LoadedFromMemory doesn't match image C:\Users\bk.2t\Documents\GitHub\BTempeNMcCrackenChoiceBuild\Horror Unity Game\Library\PackageCache\com.unity.visualscripting@1.6.1\Editor\VisualScripting.Core\Dependencies\DotNetZip\Unity.VisualScripting.IonicZip.dll
Native extension for WindowsStandalone target not found
Native extension for WebGL target not found
Refreshing native plugins compatible for Editor in 0.59 ms, found 2 plugins.
Preloading 0 native plugins for Editor in 0.00 ms.
Mono: successfully reloaded assembly
- Completed reload, in  0.876 seconds
Platform modules already initialized, skipping
Refreshing native plugins compatible for Editor in 0.93 ms, found 2 plugins.
Preloading 0 native plugins for Editor in 0.00 ms.
Unloading 3365 Unused Serialized files (Serialized files now loaded: 0)
System memory in use before: 138.4 MB.
System memory in use after: 138.6 MB.

Unloading 11 unused Assets to reduce memory usage. Loaded Objects now: 4121.
Total: 2.268500 ms (FindLiveObjects: 0.284100 ms CreateObjectMapping: 0.148500 ms MarkObjects: 1.818500 ms  DeleteObjects: 0.016400 ms)

========================================================================
Received Prepare
Registering precompiled user dll's ...
Registered in 0.002772 seconds.
Begin MonoManager ReloadAssembly
Symbol file LoadedFromMemory doesn't match image C:\Users\bk.2t\Documents\GitHub\BTempeNMcCrackenChoiceBuild\Horror Unity Game\Library\PackageCache\com.unity.visualscripting@1.6.1\Editor\VisualScripting.Core\Dependencies\YamlDotNet\Unity.VisualScripting.YamlDotNet.dll
Symbol file LoadedFromMemory doesn't match image C:\Users\bk.2t\Documents\GitHub\BTempeNMcCrackenChoiceBuild\Horror Unity Game\Library\PackageCache\com.unity.visualscripting@1.6.1\Editor\VisualScripting.Core\Dependencies\DotNetZip\Unity.VisualScripting.IonicZip.dll
Native extension for WindowsStandalone target not found
Native extension for WebGL target not found
Refreshing native plugins compatible for Editor in 0.95 ms, found 2 plugins.
Preloading 0 native plugins for Editor in 0.00 ms.
Mono: successfully reloaded assembly
- Completed reload, in  0.877 seconds
Platform modules already initialized, skipping
Refreshing native plugins compatible for Editor in 0.58 ms, found 2 plugins.
Preloading 0 native plugins for Editor in 0.00 ms.
Unloading 3365 Unused Serialized files (Serialized files now loaded: 0)
System memory in use before: 138.4 MB.
System memory in use after: 138.7 MB.

Unloading 11 unused Assets to reduce memory usage. Loaded Objects now: 4125.
Total: 2.184200 ms (FindLiveObjects: 0.271100 ms CreateObjectMapping: 0.166900 ms MarkObjects: 1.729900 ms  DeleteObjects: 0.015500 ms)

========================================================================
Received Prepare
Registering precompiled user dll's ...
Registered in 0.002748 seconds.
Begin MonoManager ReloadAssembly
Symbol file LoadedFromMemory doesn't match image C:\Users\bk.2t\Documents\GitHub\BTempeNMcCrackenChoiceBuild\Horror Unity Game\Library\PackageCache\com.unity.visualscripting@1.6.1\Editor\VisualScripting.Core\Dependencies\YamlDotNet\Unity.VisualScripting.YamlDotNet.dll
Symbol file LoadedFromMemory doesn't match image C:\Users\bk.2t\Documents\GitHub\BTempeNMcCrackenChoiceBuild\Horror Unity Game\Library\PackageCache\com.unity.visualscripting@1.6.1\Editor\VisualScripting.Core\Dependencies\DotNetZip\Unity.VisualScripting.IonicZip.dll
Native extension for WindowsStandalone target not found
Native extension for WebGL target not found
Refreshing native plugins compatible for Editor in 0.82 ms, found 2 plugins.
Preloading 0 native plugins for Editor in 0.00 ms.
Mono: successfully reloaded assembly
- Completed reload, in  0.899 seconds
Platform modules already initialized, skipping
Refreshing native plugins compatible for Editor in 0.59 ms, found 2 plugins.
Preloading 0 native plugins for Editor in 0.00 ms.
Unloading 3365 Unused Serialized files (Serialized files now loaded: 0)
System memory in use before: 138.4 MB.
System memory in use after: 138.7 MB.

Unloading 11 unused Assets to reduce memory usage. Loaded Objects now: 4129.
Total: 3.855600 ms (FindLiveObjects: 0.332700 ms CreateObjectMapping: 0.204500 ms MarkObjects: 3.288900 ms  DeleteObjects: 0.028200 ms)

========================================================================
Received Prepare
Registering precompiled user dll's ...
Registered in 0.002813 seconds.
Begin MonoManager ReloadAssembly
Symbol file LoadedFromMemory doesn't match image C:\Users\bk.2t\Documents\GitHub\BTempeNMcCrackenChoiceBuild\Horror Unity Game\Library\PackageCache\com.unity.visualscripting@1.6.1\Editor\VisualScripting.Core\Dependencies\YamlDotNet\Unity.VisualScripting.YamlDotNet.dll
Symbol file LoadedFromMemory doesn't match image C:\Users\bk.2t\Documents\GitHub\BTempeNMcCrackenChoiceBuild\Horror Unity Game\Library\PackageCache\com.unity.visualscripting@1.6.1\Editor\VisualScripting.Core\Dependencies\DotNetZip\Unity.VisualScripting.IonicZip.dll
Native extension for WindowsStandalone target not found
Native extension for WebGL target not found
Refreshing native plugins compatible for Editor in 0.58 ms, found 2 plugins.
Preloading 0 native plugins for Editor in 0.00 ms.
Mono: successfully reloaded assembly
- Completed reload, in  0.887 seconds
Platform modules already initialized, skipping
Refreshing native plugins compatible for Editor in 0.58 ms, found 2 plugins.
Preloading 0 native plugins for Editor in 0.00 ms.
Unloading 3365 Unused Serialized files (Serialized files now loaded: 0)
System memory in use before: 138.5 MB.
System memory in use after: 138.7 MB.

Unloading 11 unused Assets to reduce memory usage. Loaded Objects now: 4133.
Total: 2.375700 ms (FindLiveObjects: 0.276500 ms CreateObjectMapping: 0.179200 ms MarkObjects: 1.901600 ms  DeleteObjects: 0.017500 ms)

========================================================================
Received Prepare
Registering precompiled user dll's ...
Registered in 0.002810 seconds.
Begin MonoManager ReloadAssembly
Symbol file LoadedFromMemory doesn't match image C:\Users\bk.2t\Documents\GitHub\BTempeNMcCrackenChoiceBuild\Horror Unity Game\Library\PackageCache\com.unity.visualscripting@1.6.1\Editor\VisualScripting.Core\Dependencies\YamlDotNet\Unity.VisualScripting.YamlDotNet.dll
Symbol file LoadedFromMemory doesn't match image C:\Users\bk.2t\Documents\GitHub\BTempeNMcCrackenChoiceBuild\Horror Unity Game\Library\PackageCache\com.unity.visualscripting@1.6.1\Editor\VisualScripting.Core\Dependencies\DotNetZip\Unity.VisualScripting.IonicZip.dll
Native extension for WindowsStandalone target not found
Native extension for WebGL target not found
Refreshing native plugins compatible for Editor in 1.05 ms, found 2 plugins.
Preloading 0 native plugins for Editor in 0.00 ms.
Mono: successfully reloaded assembly
- Completed reload, in  0.882 seconds
Platform modules already initialized, skipping
Refreshing native plugins compatible for Editor in 1.15 ms, found 2 plugins.
Preloading 0 native plugins for Editor in 0.00 ms.
Unloading 3365 Unused Serialized files (Serialized files now loaded: 0)
System memory in use before: 138.5 MB.
System memory in use after: 138.7 MB.

Unloading 11 unused Assets to reduce memory usage. Loaded Objects now: 4137.
Total: 2.176000 ms (FindLiveObjects: 0.266300 ms CreateObjectMapping: 0.143300 ms MarkObjects: 1.749400 ms  DeleteObjects: 0.016300 ms)

========================================================================
Received Prepare
Registering precompiled user dll's ...
Registered in 0.002780 seconds.
Begin MonoManager ReloadAssembly
Symbol file LoadedFromMemory doesn't match image C:\Users\bk.2t\Documents\GitHub\BTempeNMcCrackenChoiceBuild\Horror Unity Game\Library\PackageCache\com.unity.visualscripting@1.6.1\Editor\VisualScripting.Core\Dependencies\YamlDotNet\Unity.VisualScripting.YamlDotNet.dll
Symbol file LoadedFromMemory doesn't match image C:\Users\bk.2t\Documents\GitHub\BTempeNMcCrackenChoiceBuild\Horror Unity Game\Library\PackageCache\com.unity.visualscripting@1.6.1\Editor\VisualScripting.Core\Dependencies\DotNetZip\Unity.VisualScripting.IonicZip.dll
Native extension for WindowsStandalone target not found
Native extension for WebGL target not found
Refreshing native plugins compatible for Editor in 0.57 ms, found 2 plugins.
Preloading 0 native plugins for Editor in 0.00 ms.
Mono: successfully reloaded assembly
- Completed reload, in  0.857 seconds
Platform modules already initialized, skipping
Refreshing native plugins compatible for Editor in 0.64 ms, found 2 plugins.
Preloading 0 native plugins for Editor in 0.00 ms.
Unloading 3365 Unused Serialized files (Serialized files now loaded: 0)
System memory in use before: 138.5 MB.
System memory in use after: 138.7 MB.

Unloading 11 unused Assets to reduce memory usage. Loaded Objects now: 4141.
Total: 2.331600 ms (FindLiveObjects: 0.263900 ms CreateObjectMapping: 0.159700 ms MarkObjects: 1.884500 ms  DeleteObjects: 0.022400 ms)

========================================================================
Received Prepare
Registering precompiled user dll's ...
Registered in 0.004843 seconds.
Begin MonoManager ReloadAssembly
Symbol file LoadedFromMemory doesn't match image C:\Users\bk.2t\Documents\GitHub\BTempeNMcCrackenChoiceBuild\Horror Unity Game\Library\PackageCache\com.unity.visualscripting@1.6.1\Editor\VisualScripting.Core\Dependencies\YamlDotNet\Unity.VisualScripting.YamlDotNet.dll
Symbol file LoadedFromMemory doesn't match image C:\Users\bk.2t\Documents\GitHub\BTempeNMcCrackenChoiceBuild\Horror Unity Game\Library\PackageCache\com.unity.visualscripting@1.6.1\Editor\VisualScripting.Core\Dependencies\DotNetZip\Unity.VisualScripting.IonicZip.dll
Native extension for WindowsStandalone target not found
Native extension for WebGL target not found
Refreshing native plugins compatible for Editor in 0.61 ms, found 2 plugins.
Preloading 0 native plugins for Editor in 0.00 ms.
Mono: successfully reloaded assembly
- Completed reload, in  0.973 seconds
Platform modules already initialized, skipping
Refreshing native plugins compatible for Editor in 0.59 ms, found 2 plugins.
Preloading 0 native plugins for Editor in 0.00 ms.
Unloading 3365 Unused Serialized files (Serialized files now loaded: 0)
System memory in use before: 138.5 MB.
System memory in use after: 138.7 MB.

Unloading 11 unused Assets to reduce memory usage. Loaded Objects now: 4145.
Total: 2.162900 ms (FindLiveObjects: 0.262400 ms CreateObjectMapping: 0.159700 ms MarkObjects: 1.723000 ms  DeleteObjects: 0.016700 ms)

========================================================================
Received Prepare
Registering precompiled user dll's ...
Registered in 0.002793 seconds.
Begin MonoManager ReloadAssembly
Symbol file LoadedFromMemory doesn't match image C:\Users\bk.2t\Documents\GitHub\BTempeNMcCrackenChoiceBuild\Horror Unity Game\Library\PackageCache\com.unity.visualscripting@1.6.1\Editor\VisualScripting.Core\Dependencies\YamlDotNet\Unity.VisualScripting.YamlDotNet.dll
Symbol file LoadedFromMemory doesn't match image C:\Users\bk.2t\Documents\GitHub\BTempeNMcCrackenChoiceBuild\Horror Unity Game\Library\PackageCache\com.unity.visualscripting@1.6.1\Editor\VisualScripting.Core\Dependencies\DotNetZip\Unity.VisualScripting.IonicZip.dll
Native extension for WindowsStandalone target not found
Native extension for WebGL target not found
Refreshing native plugins compatible for Editor in 0.82 ms, found 2 plugins.
Preloading 0 native plugins for Editor in 0.00 ms.
Mono: successfully reloaded assembly
- Completed reload, in  0.872 seconds
Platform modules already initialized, skipping
Refreshing native plugins compatible for Editor in 0.57 ms, found 2 plugins.
Preloading 0 native plugins for Editor in 0.00 ms.
Unloading 3365 Unused Serialized files (Serialized files now loaded: 0)
System memory in use before: 138.5 MB.
System memory in use after: 138.7 MB.

Unloading 11 unused Assets to reduce memory usage. Loaded Objects now: 4149.
Total: 2.549100 ms (FindLiveObjects: 0.383200 ms CreateObjectMapping: 0.197500 ms MarkObjects: 1.950900 ms  DeleteObjects: 0.016500 ms)

========================================================================
Received Prepare
Registering precompiled user dll's ...
Registered in 0.002758 seconds.
Begin MonoManager ReloadAssembly
Symbol file LoadedFromMemory doesn't match image C:\Users\bk.2t\Documents\GitHub\BTempeNMcCrackenChoiceBuild\Horror Unity Game\Library\PackageCache\com.unity.visualscripting@1.6.1\Editor\VisualScripting.Core\Dependencies\YamlDotNet\Unity.VisualScripting.YamlDotNet.dll
Symbol file LoadedFromMemory doesn't match image C:\Users\bk.2t\Documents\GitHub\BTempeNMcCrackenChoiceBuild\Horror Unity Game\Library\PackageCache\com.unity.visualscripting@1.6.1\Editor\VisualScripting.Core\Dependencies\DotNetZip\Unity.VisualScripting.IonicZip.dll
Native extension for WindowsStandalone target not found
Native extension for WebGL target not found
Refreshing native plugins compatible for Editor in 0.57 ms, found 2 plugins.
Preloading 0 native plugins for Editor in 0.00 ms.
Mono: successfully reloaded assembly
- Completed reload, in  0.907 seconds
Platform modules already initialized, skipping
Refreshing native plugins compatible for Editor in 0.58 ms, found 2 plugins.
Preloading 0 native plugins for Editor in 0.00 ms.
Unloading 3365 Unused Serialized files (Serialized files now loaded: 0)
System memory in use before: 138.5 MB.
System memory in use after: 138.7 MB.

Unloading 11 unused Assets to reduce memory usage. Loaded Objects now: 4153.
Total: 2.393600 ms (FindLiveObjects: 0.377500 ms CreateObjectMapping: 0.200100 ms MarkObjects: 1.796200 ms  DeleteObjects: 0.018800 ms)

========================================================================
Received Prepare
Registering precompiled user dll's ...
Registered in 0.004219 seconds.
Begin MonoManager ReloadAssembly
Symbol file LoadedFromMemory doesn't match image C:\Users\bk.2t\Documents\GitHub\BTempeNMcCrackenChoiceBuild\Horror Unity Game\Library\PackageCache\com.unity.visualscripting@1.6.1\Editor\VisualScripting.Core\Dependencies\YamlDotNet\Unity.VisualScripting.YamlDotNet.dll
Symbol file LoadedFromMemory doesn't match image C:\Users\bk.2t\Documents\GitHub\BTempeNMcCrackenChoiceBuild\Horror Unity Game\Library\PackageCache\com.unity.visualscripting@1.6.1\Editor\VisualScripting.Core\Dependencies\DotNetZip\Unity.VisualScripting.IonicZip.dll
Native extension for WindowsStandalone target not found
Native extension for WebGL target not found
Refreshing native plugins compatible for Editor in 0.59 ms, found 2 plugins.
Preloading 0 native plugins for Editor in 0.00 ms.
Mono: successfully reloaded assembly
- Completed reload, in  0.855 seconds
Platform modules already initialized, skipping
Refreshing native plugins compatible for Editor in 0.58 ms, found 2 plugins.
Preloading 0 native plugins for Editor in 0.00 ms.
Unloading 3365 Unused Serialized files (Serialized files now loaded: 0)
System memory in use before: 138.5 MB.
System memory in use after: 138.7 MB.

Unloading 11 unused Assets to reduce memory usage. Loaded Objects now: 4157.
Total: 2.513000 ms (FindLiveObjects: 0.357600 ms CreateObjectMapping: 0.246900 ms MarkObjects: 1.891000 ms  DeleteObjects: 0.015900 ms)

========================================================================
Received Import Request.
  Time since last request: 442.113086 seconds.
  path: Assets/Scenes/Level 3 (left).unity
  artifactKey: Guid(6a2a6348a0a395f42b3001f80ee3eccc) Importer(815301076,1909f56bfc062723c751e8b465ee728b)
Start importing Assets/Scenes/Level 3 (left).unity using Guid(6a2a6348a0a395f42b3001f80ee3eccc) Importer(815301076,1909f56bfc062723c751e8b465ee728b)  -> (artifact id: 'e2528f0fe3b51794f9579154bfdf3cb3') in 0.015416 seconds 
========================================================================
Received Prepare
Registering precompiled user dll's ...
Registered in 0.002808 seconds.
Begin MonoManager ReloadAssembly
Symbol file LoadedFromMemory doesn't match image C:\Users\bk.2t\Documents\GitHub\BTempeNMcCrackenChoiceBuild\Horror Unity Game\Library\PackageCache\com.unity.visualscripting@1.6.1\Editor\VisualScripting.Core\Dependencies\YamlDotNet\Unity.VisualScripting.YamlDotNet.dll
Symbol file LoadedFromMemory doesn't match image C:\Users\bk.2t\Documents\GitHub\BTempeNMcCrackenChoiceBuild\Horror Unity Game\Library\PackageCache\com.unity.visualscripting@1.6.1\Editor\VisualScripting.Core\Dependencies\DotNetZip\Unity.VisualScripting.IonicZip.dll
Native extension for WindowsStandalone target not found
Native extension for WebGL target not found
Refreshing native plugins compatible for Editor in 0.57 ms, found 2 plugins.
Preloading 0 native plugins for Editor in 0.00 ms.
Mono: successfully reloaded assembly
- Completed reload, in  0.853 seconds
Platform modules already initialized, skipping
Refreshing native plugins compatible for Editor in 0.69 ms, found 2 plugins.
Preloading 0 native plugins for Editor in 0.00 ms.
Unloading 3365 Unused Serialized files (Serialized files now loaded: 0)
System memory in use before: 138.5 MB.
System memory in use after: 138.8 MB.

Unloading 11 unused Assets to reduce memory usage. Loaded Objects now: 4161.
Total: 2.172800 ms (FindLiveObjects: 0.268300 ms CreateObjectMapping: 0.159200 ms MarkObjects: 1.728800 ms  DeleteObjects: 0.015700 ms)

========================================================================
Received Import Request.
  Time since last request: 248.517542 seconds.
  path: ProjectSettings/TagManager.asset
  artifactKey: Guid(00000000000000003000000000000000) Importer(815301076,1909f56bfc062723c751e8b465ee728b)
Start importing ProjectSettings/TagManager.asset using Guid(00000000000000003000000000000000) Importer(815301076,1909f56bfc062723c751e8b465ee728b)  -> (artifact id: '235cfc77f509d060173f587215e10830') in 0.013173 seconds 
========================================================================
Received Prepare
Registering precompiled user dll's ...
Registered in 0.002886 seconds.
Begin MonoManager ReloadAssembly
Symbol file LoadedFromMemory doesn't match image C:\Users\bk.2t\Documents\GitHub\BTempeNMcCrackenChoiceBuild\Horror Unity Game\Library\PackageCache\com.unity.visualscripting@1.6.1\Editor\VisualScripting.Core\Dependencies\YamlDotNet\Unity.VisualScripting.YamlDotNet.dll
Symbol file LoadedFromMemory doesn't match image C:\Users\bk.2t\Documents\GitHub\BTempeNMcCrackenChoiceBuild\Horror Unity Game\Library\PackageCache\com.unity.visualscripting@1.6.1\Editor\VisualScripting.Core\Dependencies\DotNetZip\Unity.VisualScripting.IonicZip.dll
Native extension for WindowsStandalone target not found
Native extension for WebGL target not found
Refreshing native plugins compatible for Editor in 0.58 ms, found 2 plugins.
Preloading 0 native plugins for Editor in 0.00 ms.
Mono: successfully reloaded assembly
- Completed reload, in  0.902 seconds
Platform modules already initialized, skipping
Refreshing native plugins compatible for Editor in 1.25 ms, found 2 plugins.
Preloading 0 native plugins for Editor in 0.00 ms.
Unloading 3365 Unused Serialized files (Serialized files now loaded: 0)
System memory in use before: 138.6 MB.
System memory in use after: 138.8 MB.

Unloading 12 unused Assets to reduce memory usage. Loaded Objects now: 4165.
Total: 2.551500 ms (FindLiveObjects: 0.288500 ms CreateObjectMapping: 0.197300 ms MarkObjects: 2.044200 ms  DeleteObjects: 0.020400 ms)

========================================================================
Received Prepare
Registering precompiled user dll's ...
Registered in 0.003182 seconds.
Begin MonoManager ReloadAssembly
Symbol file LoadedFromMemory doesn't match image C:\Users\bk.2t\Documents\GitHub\BTempeNMcCrackenChoiceBuild\Horror Unity Game\Library\PackageCache\com.unity.visualscripting@1.6.1\Editor\VisualScripting.Core\Dependencies\YamlDotNet\Unity.VisualScripting.YamlDotNet.dll
Symbol file LoadedFromMemory doesn't match image C:\Users\bk.2t\Documents\GitHub\BTempeNMcCrackenChoiceBuild\Horror Unity Game\Library\PackageCache\com.unity.visualscripting@1.6.1\Editor\VisualScripting.Core\Dependencies\DotNetZip\Unity.VisualScripting.IonicZip.dll
Native extension for WindowsStandalone target not found
Native extension for WebGL target not found
Refreshing native plugins compatible for Editor in 0.59 ms, found 2 plugins.
Preloading 0 native plugins for Editor in 0.00 ms.
Mono: successfully reloaded assembly
- Completed reload, in  0.896 seconds
Platform modules already initialized, skipping
Refreshing native plugins compatible for Editor in 0.57 ms, found 2 plugins.
Preloading 0 native plugins for Editor in 0.00 ms.
Unloading 3365 Unused Serialized files (Serialized files now loaded: 0)
System memory in use before: 138.6 MB.
System memory in use after: 138.8 MB.

Unloading 11 unused Assets to reduce memory usage. Loaded Objects now: 4169.
Total: 2.792600 ms (FindLiveObjects: 0.442100 ms CreateObjectMapping: 0.236300 ms MarkObjects: 2.093900 ms  DeleteObjects: 0.019100 ms)

========================================================================
Received Import Request.
  Time since last request: 90.074076 seconds.
  path: Assets/Scrpits/Move_Scenes.cs
  artifactKey: Guid(4959981dd68932f4c9d0da594571e568) Importer(815301076,1909f56bfc062723c751e8b465ee728b)
Start importing Assets/Scrpits/Move_Scenes.cs using Guid(4959981dd68932f4c9d0da594571e568) Importer(815301076,1909f56bfc062723c751e8b465ee728b)  -> (artifact id: '1cfb2306f77335847fa3056cfd195f79') in 0.007851 seconds 
========================================================================
Received Import Request.
  Time since last request: 2.699429 seconds.
  path: Assets/Scrpits/Move_Scenes_To_Level_One.cs
  artifactKey: Guid(84c4fe18000e15840b9cbcc6e65a12ba) Importer(815301076,1909f56bfc062723c751e8b465ee728b)
Start importing Assets/Scrpits/Move_Scenes_To_Level_One.cs using Guid(84c4fe18000e15840b9cbcc6e65a12ba) Importer(815301076,1909f56bfc062723c751e8b465ee728b)  -> (artifact id: '453ad561bf59cc359cbbe25f4872fd20') in 0.002541 seconds 
========================================================================
Received Import Request.
  Time since last request: 2.819482 seconds.
  path: Assets/Scrpits
  artifactKey: Guid(8ab857cdb64733f4287b6ea2379fb774) Importer(815301076,1909f56bfc062723c751e8b465ee728b)
Start importing Assets/Scrpits using Guid(8ab857cdb64733f4287b6ea2379fb774) Importer(815301076,1909f56bfc062723c751e8b465ee728b)  -> (artifact id: 'c34e6a48e576e284b9dc27433ef37ce3') in 0.004560 seconds 
========================================================================
Received Prepare
Registering precompiled user dll's ...
Registered in 0.002802 seconds.
Begin MonoManager ReloadAssembly
Symbol file LoadedFromMemory doesn't match image C:\Users\bk.2t\Documents\GitHub\BTempeNMcCrackenChoiceBuild\Horror Unity Game\Library\PackageCache\com.unity.visualscripting@1.6.1\Editor\VisualScripting.Core\Dependencies\YamlDotNet\Unity.VisualScripting.YamlDotNet.dll
Symbol file LoadedFromMemory doesn't match image C:\Users\bk.2t\Documents\GitHub\BTempeNMcCrackenChoiceBuild\Horror Unity Game\Library\PackageCache\com.unity.visualscripting@1.6.1\Editor\VisualScripting.Core\Dependencies\DotNetZip\Unity.VisualScripting.IonicZip.dll
Native extension for WindowsStandalone target not found
Native extension for WebGL target not found
Refreshing native plugins compatible for Editor in 0.69 ms, found 2 plugins.
Preloading 0 native plugins for Editor in 0.00 ms.
Mono: successfully reloaded assembly
- Completed reload, in  1.031 seconds
Platform modules already initialized, skipping
Refreshing native plugins compatible for Editor in 0.59 ms, found 2 plugins.
Preloading 0 native plugins for Editor in 0.00 ms.
Unloading 3364 Unused Serialized files (Serialized files now loaded: 0)
System memory in use before: 138.6 MB.
System memory in use after: 138.8 MB.

Unloading 12 unused Assets to reduce memory usage. Loaded Objects now: 4172.
Total: 2.224800 ms (FindLiveObjects: 0.270300 ms CreateObjectMapping: 0.160200 ms MarkObjects: 1.775000 ms  DeleteObjects: 0.018600 ms)

========================================================================
Received Prepare
Registering precompiled user dll's ...
Registered in 0.002953 seconds.
Begin MonoManager ReloadAssembly
Symbol file LoadedFromMemory doesn't match image C:\Users\bk.2t\Documents\GitHub\BTempeNMcCrackenChoiceBuild\Horror Unity Game\Library\PackageCache\com.unity.visualscripting@1.6.1\Editor\VisualScripting.Core\Dependencies\YamlDotNet\Unity.VisualScripting.YamlDotNet.dll
Symbol file LoadedFromMemory doesn't match image C:\Users\bk.2t\Documents\GitHub\BTempeNMcCrackenChoiceBuild\Horror Unity Game\Library\PackageCache\com.unity.visualscripting@1.6.1\Editor\VisualScripting.Core\Dependencies\DotNetZip\Unity.VisualScripting.IonicZip.dll
Native extension for WindowsStandalone target not found
Native extension for WebGL target not found
Refreshing native plugins compatible for Editor in 0.59 ms, found 2 plugins.
Preloading 0 native plugins for Editor in 0.00 ms.
Mono: successfully reloaded assembly
- Completed reload, in  0.909 seconds
Platform modules already initialized, skipping
Refreshing native plugins compatible for Editor in 0.59 ms, found 2 plugins.
Preloading 0 native plugins for Editor in 0.00 ms.
Unloading 3364 Unused Serialized files (Serialized files now loaded: 0)
System memory in use before: 138.6 MB.
System memory in use after: 138.8 MB.

Unloading 11 unused Assets to reduce memory usage. Loaded Objects now: 4176.
Total: 2.296900 ms (FindLiveObjects: 0.256700 ms CreateObjectMapping: 0.148400 ms MarkObjects: 1.876100 ms  DeleteObjects: 0.014700 ms)

========================================================================
Received Prepare
Registering precompiled user dll's ...
Registered in 0.002971 seconds.
Begin MonoManager ReloadAssembly
Symbol file LoadedFromMemory doesn't match image C:\Users\bk.2t\Documents\GitHub\BTempeNMcCrackenChoiceBuild\Horror Unity Game\Library\PackageCache\com.unity.visualscripting@1.6.1\Editor\VisualScripting.Core\Dependencies\YamlDotNet\Unity.VisualScripting.YamlDotNet.dll
Symbol file LoadedFromMemory doesn't match image C:\Users\bk.2t\Documents\GitHub\BTempeNMcCrackenChoiceBuild\Horror Unity Game\Library\PackageCache\com.unity.visualscripting@1.6.1\Editor\VisualScripting.Core\Dependencies\DotNetZip\Unity.VisualScripting.IonicZip.dll
Native extension for WindowsStandalone target not found
Native extension for WebGL target not found
Refreshing native plugins compatible for Editor in 0.58 ms, found 2 plugins.
Preloading 0 native plugins for Editor in 0.00 ms.
Mono: successfully reloaded assembly
- Completed reload, in  0.919 seconds
Platform modules already initialized, skipping
Refreshing native plugins compatible for Editor in 0.63 ms, found 2 plugins.
Preloading 0 native plugins for Editor in 0.00 ms.
Unloading 3363 Unused Serialized files (Serialized files now loaded: 0)
System memory in use before: 138.6 MB.
System memory in use after: 138.8 MB.

Unloading 12 unused Assets to reduce memory usage. Loaded Objects now: 4179.
Total: 2.298700 ms (FindLiveObjects: 0.280500 ms CreateObjectMapping: 0.182000 ms MarkObjects: 1.818600 ms  DeleteObjects: 0.016700 ms)

========================================================================
Received Prepare
Registering precompiled user dll's ...
Registered in 0.002783 seconds.
Begin MonoManager ReloadAssembly
Symbol file LoadedFromMemory doesn't match image C:\Users\bk.2t\Documents\GitHub\BTempeNMcCrackenChoiceBuild\Horror Unity Game\Library\PackageCache\com.unity.visualscripting@1.6.1\Editor\VisualScripting.Core\Dependencies\YamlDotNet\Unity.VisualScripting.YamlDotNet.dll
Symbol file LoadedFromMemory doesn't match image C:\Users\bk.2t\Documents\GitHub\BTempeNMcCrackenChoiceBuild\Horror Unity Game\Library\PackageCache\com.unity.visualscripting@1.6.1\Editor\VisualScripting.Core\Dependencies\DotNetZip\Unity.VisualScripting.IonicZip.dll
Native extension for WindowsStandalone target not found
Native extension for WebGL target not found
Refreshing native plugins compatible for Editor in 0.80 ms, found 2 plugins.
Preloading 0 native plugins for Editor in 0.00 ms.
Mono: successfully reloaded assembly
- Completed reload, in  0.874 seconds
Platform modules already initialized, skipping
Refreshing native plugins compatible for Editor in 0.57 ms, found 2 plugins.
Preloading 0 native plugins for Editor in 0.00 ms.
Unloading 3363 Unused Serialized files (Serialized files now loaded: 0)
System memory in use before: 138.6 MB.
System memory in use after: 138.8 MB.

Unloading 11 unused Assets to reduce memory usage. Loaded Objects now: 4183.
Total: 2.426900 ms (FindLiveObjects: 0.277800 ms CreateObjectMapping: 0.168800 ms MarkObjects: 1.963800 ms  DeleteObjects: 0.015600 ms)

========================================================================
Received Prepare
Registering precompiled user dll's ...
Registered in 0.002846 seconds.
Begin MonoManager ReloadAssembly
Symbol file LoadedFromMemory doesn't match image C:\Users\bk.2t\Documents\GitHub\BTempeNMcCrackenChoiceBuild\Horror Unity Game\Library\PackageCache\com.unity.visualscripting@1.6.1\Editor\VisualScripting.Core\Dependencies\YamlDotNet\Unity.VisualScripting.YamlDotNet.dll
Symbol file LoadedFromMemory doesn't match image C:\Users\bk.2t\Documents\GitHub\BTempeNMcCrackenChoiceBuild\Horror Unity Game\Library\PackageCache\com.unity.visualscripting@1.6.1\Editor\VisualScripting.Core\Dependencies\DotNetZip\Unity.VisualScripting.IonicZip.dll
Native extension for WindowsStandalone target not found
Native extension for WebGL target not found
Refreshing native plugins compatible for Editor in 0.62 ms, found 2 plugins.
Preloading 0 native plugins for Editor in 0.00 ms.
Mono: successfully reloaded assembly
- Completed reload, in  0.869 seconds
Platform modules already initialized, skipping
Refreshing native plugins compatible for Editor in 0.57 ms, found 2 plugins.
Preloading 0 native plugins for Editor in 0.00 ms.
Unloading 3363 Unused Serialized files (Serialized files now loaded: 0)
System memory in use before: 138.6 MB.
System memory in use after: 138.8 MB.

Unloading 11 unused Assets to reduce memory usage. Loaded Objects now: 4187.
Total: 2.221700 ms (FindLiveObjects: 0.266000 ms CreateObjectMapping: 0.163500 ms MarkObjects: 1.775000 ms  DeleteObjects: 0.016400 ms)

AssetImportWorkerClient::OnTransportError - code=2 error=End of file
