Using pre-set license
Built from '2021.1/staging' branch; Version is '2021.1.7f1 (d91830b65d9b) revision 14227504'; Using compiler version '192528614'; Build Type 'Release'
OS: 'Windows 10 Home; OS build 19044.1645; Version 2009; 64bit' Language: 'en' Physical Memory: 15776 MB
BatchMode: 1, IsHumanControllingUs: 0, StartBugReporterOnCrash: 0, Is64bit: 1, IsPro: 0

 COMMAND LINE ARGUMENTS:
C:\Program Files\Unity 2021.1.7f1\Editor\Unity.exe
-adb2
-batchMode
-noUpm
-name
AssetImportWorker0
-projectPath
C:/Users/btemp/Documents/GitHub/BTempeNMcCrackenChoiceBuild/Horror Unity Game
-logFile
Logs/AssetImportWorker0.log
-srvPort
55183
Successfully changed project path to: C:/Users/btemp/Documents/GitHub/BTempeNMcCrackenChoiceBuild/Horror Unity Game
C:/Users/btemp/Documents/GitHub/BTempeNMcCrackenChoiceBuild/Horror Unity Game
Using Asset Import Pipeline V2.
Refreshing native plugins compatible for Editor in 82.16 ms, found 2 plugins.
Preloading 0 native plugins for Editor in 0.00 ms.
Initialize engine version: 2021.1.7f1 (d91830b65d9b)
[Subsystems] Discovering subsystems at path C:/Program Files/Unity 2021.1.7f1/Editor/Data/Resources/UnitySubsystems
[Subsystems] Discovering subsystems at path C:/Users/btemp/Documents/GitHub/BTempeNMcCrackenChoiceBuild/Horror Unity Game/Assets
GfxDevice: creating device client; threaded=0; jobified=0
Direct3D:
    Version:  Direct3D 11.0 [level 11.1]
    Renderer: NVIDIA GeForce RTX 3060 Laptop GPU (ID=0x2520)
    Vendor:   NVIDIA
    VRAM:     6023 MB
    Driver:   30.0.14.9649
Initialize mono
Mono path[0] = 'C:/Program Files/Unity 2021.1.7f1/Editor/Data/Managed'
Mono path[1] = 'C:/Program Files/Unity 2021.1.7f1/Editor/Data/MonoBleedingEdge/lib/mono/unityjit'
Mono config path = 'C:/Program Files/Unity 2021.1.7f1/Editor/Data/MonoBleedingEdge/etc'
Using monoOptions --debugger-agent=transport=dt_socket,embedding=1,server=y,suspend=n,address=127.0.0.1:56680
Begin MonoManager ReloadAssembly
Registering precompiled unity dll's ...
Register platform support module: C:/Program Files/Unity 2021.1.7f1/Editor/Data/PlaybackEngines/WindowsStandaloneSupport/UnityEditor.WindowsStandalone.Extensions.dll
Registered in 0.002222 seconds.
Native extension for WindowsStandalone target not found
Refreshing native plugins compatible for Editor in 86.12 ms, found 2 plugins.
Preloading 0 native plugins for Editor in 0.00 ms.
Mono: successfully reloaded assembly
- Completed reload, in  1.050 seconds
Platform modules already initialized, skipping
Registering precompiled user dll's ...
Registered in 0.003801 seconds.
Begin MonoManager ReloadAssembly
Symbol file LoadedFromMemory doesn't match image C:\Users\btemp\Documents\GitHub\BTempeNMcCrackenChoiceBuild\Horror Unity Game\Library\PackageCache\com.unity.visualscripting@1.6.1\Editor\VisualScripting.Core\Dependencies\YamlDotNet\Unity.VisualScripting.YamlDotNet.dll
Symbol file LoadedFromMemory doesn't match image C:\Users\btemp\Documents\GitHub\BTempeNMcCrackenChoiceBuild\Horror Unity Game\Library\PackageCache\com.unity.visualscripting@1.6.1\Editor\VisualScripting.Core\Dependencies\DotNetZip\Unity.VisualScripting.IonicZip.dll
Native extension for WindowsStandalone target not found
Refreshing native plugins compatible for Editor in 86.41 ms, found 2 plugins.
Preloading 0 native plugins for Editor in 0.00 ms.
Mono: successfully reloaded assembly
- Completed reload, in  0.926 seconds
Platform modules already initialized, skipping
========================================================================
Worker process is ready to serve import requests
Launched and connected shader compiler UnityShaderCompiler.exe after 0.04 seconds
Refreshing native plugins compatible for Editor in 0.86 ms, found 2 plugins.
Preloading 0 native plugins for Editor in 0.00 ms.
Unloading 3388 Unused Serialized files (Serialized files now loaded: 0)
System memory in use before: 131.1 MB.
System memory in use after: 131.3 MB.

Unloading 23 unused Assets to reduce memory usage. Loaded Objects now: 3846.
Total: 2.993700 ms (FindLiveObjects: 0.315100 ms CreateObjectMapping: 0.107600 ms MarkObjects: 2.493900 ms  DeleteObjects: 0.076100 ms)

========================================================================
Received Import Request.
  path: Assets/Player/Jorge The Scientist(Player)HE IS PROTAGONIST.prefab
  artifactKey: Guid(88319cc141f75ad4fb3bb71c2e49dd68) Importer(815301076,1909f56bfc062723c751e8b465ee728b)
Start importing Assets/Player/Jorge The Scientist(Player)HE IS PROTAGONIST.prefab using Guid(88319cc141f75ad4fb3bb71c2e49dd68) Importer(815301076,1909f56bfc062723c751e8b465ee728b)  -> (artifact id: '7a48d196ae1a015f05a9a417464e4164') in 0.105335 seconds 
========================================================================
Received Prepare
Refreshing native plugins compatible for Editor in 4.85 ms, found 2 plugins.
Preloading 0 native plugins for Editor in 0.00 ms.
Unloading 9 Unused Serialized files (Serialized files now loaded: 0)
System memory in use before: 65.6 MB.
System memory in use after: 65.9 MB.

Unloading 9 unused Assets to reduce memory usage. Loaded Objects now: 3853.
Total: 2.930700 ms (FindLiveObjects: 0.296300 ms CreateObjectMapping: 0.110400 ms MarkObjects: 2.508900 ms  DeleteObjects: 0.013900 ms)

AssetImportWorkerClient::OnTransportError - code=2 error=End of file
